[2025-02-23T21:03:32.786+0000] {processor.py:186} INFO - Started process (PID=186) to work on /opt/airflow/dags/ml_pipeline.py
[2025-02-23T21:03:32.787+0000] {processor.py:914} INFO - Processing file /opt/airflow/dags/ml_pipeline.py for tasks to queue
[2025-02-23T21:03:32.791+0000] {logging_mixin.py:190} INFO - [2025-02-23T21:03:32.790+0000] {dagbag.py:588} INFO - Filling up the DagBag from /opt/airflow/dags/ml_pipeline.py
[2025-02-23T21:03:32.834+0000] {processor.py:925} INFO - DAG(s) 'emissionAI_ml_pipeline' retrieved from /opt/airflow/dags/ml_pipeline.py
[2025-02-23T21:03:33.130+0000] {logging_mixin.py:190} INFO - [2025-02-23T21:03:33.129+0000] {override.py:1912} INFO - Created Permission View: can edit on DAG:emissionAI_ml_pipeline
[2025-02-23T21:03:33.144+0000] {logging_mixin.py:190} INFO - [2025-02-23T21:03:33.144+0000] {override.py:1912} INFO - Created Permission View: can delete on DAG:emissionAI_ml_pipeline
[2025-02-23T21:03:33.156+0000] {logging_mixin.py:190} INFO - [2025-02-23T21:03:33.156+0000] {override.py:1912} INFO - Created Permission View: can read on DAG:emissionAI_ml_pipeline
[2025-02-23T21:03:33.172+0000] {logging_mixin.py:190} INFO - [2025-02-23T21:03:33.171+0000] {override.py:1912} INFO - Created Permission View: can create on DAG Run:emissionAI_ml_pipeline
[2025-02-23T21:03:33.183+0000] {logging_mixin.py:190} INFO - [2025-02-23T21:03:33.182+0000] {override.py:1912} INFO - Created Permission View: menu access on DAG Run:emissionAI_ml_pipeline
[2025-02-23T21:03:33.195+0000] {logging_mixin.py:190} INFO - [2025-02-23T21:03:33.195+0000] {override.py:1912} INFO - Created Permission View: can delete on DAG Run:emissionAI_ml_pipeline
[2025-02-23T21:03:33.205+0000] {logging_mixin.py:190} INFO - [2025-02-23T21:03:33.205+0000] {override.py:1912} INFO - Created Permission View: can read on DAG Run:emissionAI_ml_pipeline
[2025-02-23T21:03:33.206+0000] {logging_mixin.py:190} INFO - [2025-02-23T21:03:33.206+0000] {dag.py:3239} INFO - Sync 1 DAGs
[2025-02-23T21:03:33.226+0000] {logging_mixin.py:190} INFO - [2025-02-23T21:03:33.225+0000] {dag.py:3262} INFO - Creating ORM DAG for emissionAI_ml_pipeline
[2025-02-23T21:03:33.240+0000] {logging_mixin.py:190} INFO - [2025-02-23T21:03:33.240+0000] {dag.py:4180} INFO - Setting next_dagrun for emissionAI_ml_pipeline to 2025-02-22 00:00:00+00:00, run_after=2025-02-23 00:00:00+00:00
[2025-02-23T21:03:33.269+0000] {processor.py:208} INFO - Processing /opt/airflow/dags/ml_pipeline.py took 0.494 seconds
[2025-02-23T21:04:03.497+0000] {processor.py:186} INFO - Started process (PID=221) to work on /opt/airflow/dags/ml_pipeline.py
[2025-02-23T21:04:03.498+0000] {processor.py:914} INFO - Processing file /opt/airflow/dags/ml_pipeline.py for tasks to queue
[2025-02-23T21:04:03.504+0000] {logging_mixin.py:190} INFO - [2025-02-23T21:04:03.503+0000] {dagbag.py:588} INFO - Filling up the DagBag from /opt/airflow/dags/ml_pipeline.py
[2025-02-23T21:04:03.540+0000] {processor.py:925} INFO - DAG(s) 'emissionAI_ml_pipeline' retrieved from /opt/airflow/dags/ml_pipeline.py
[2025-02-23T21:04:03.603+0000] {logging_mixin.py:190} INFO - [2025-02-23T21:04:03.603+0000] {dag.py:3239} INFO - Sync 1 DAGs
[2025-02-23T21:04:03.650+0000] {logging_mixin.py:190} INFO - [2025-02-23T21:04:03.649+0000] {dag.py:4180} INFO - Setting next_dagrun for emissionAI_ml_pipeline to 2025-02-22 00:00:00+00:00, run_after=2025-02-23 00:00:00+00:00
[2025-02-23T21:04:03.675+0000] {processor.py:208} INFO - Processing /opt/airflow/dags/ml_pipeline.py took 0.202 seconds
[2025-02-23T21:04:47.397+0000] {processor.py:186} INFO - Started process (PID=186) to work on /opt/airflow/dags/ml_pipeline.py
[2025-02-23T21:04:47.398+0000] {processor.py:914} INFO - Processing file /opt/airflow/dags/ml_pipeline.py for tasks to queue
[2025-02-23T21:04:47.400+0000] {logging_mixin.py:190} INFO - [2025-02-23T21:04:47.399+0000] {dagbag.py:588} INFO - Filling up the DagBag from /opt/airflow/dags/ml_pipeline.py
[2025-02-23T21:04:47.432+0000] {processor.py:925} INFO - DAG(s) 'emissionAI_ml_pipeline' retrieved from /opt/airflow/dags/ml_pipeline.py
[2025-02-23T21:04:47.455+0000] {logging_mixin.py:190} INFO - [2025-02-23T21:04:47.455+0000] {dag.py:3239} INFO - Sync 1 DAGs
[2025-02-23T21:04:47.484+0000] {logging_mixin.py:190} INFO - [2025-02-23T21:04:47.483+0000] {dag.py:4180} INFO - Setting next_dagrun for emissionAI_ml_pipeline to 2025-02-22 00:00:00+00:00, run_after=2025-02-23 00:00:00+00:00
[2025-02-23T21:04:47.510+0000] {processor.py:208} INFO - Processing /opt/airflow/dags/ml_pipeline.py took 0.122 seconds
[2025-02-23T21:05:17.595+0000] {processor.py:186} INFO - Started process (PID=209) to work on /opt/airflow/dags/ml_pipeline.py
[2025-02-23T21:05:17.596+0000] {processor.py:914} INFO - Processing file /opt/airflow/dags/ml_pipeline.py for tasks to queue
[2025-02-23T21:05:17.599+0000] {logging_mixin.py:190} INFO - [2025-02-23T21:05:17.599+0000] {dagbag.py:588} INFO - Filling up the DagBag from /opt/airflow/dags/ml_pipeline.py
[2025-02-23T21:05:17.629+0000] {processor.py:925} INFO - DAG(s) 'emissionAI_ml_pipeline' retrieved from /opt/airflow/dags/ml_pipeline.py
[2025-02-23T21:05:17.651+0000] {logging_mixin.py:190} INFO - [2025-02-23T21:05:17.651+0000] {dag.py:3239} INFO - Sync 1 DAGs
[2025-02-23T21:05:17.680+0000] {logging_mixin.py:190} INFO - [2025-02-23T21:05:17.680+0000] {dag.py:4180} INFO - Setting next_dagrun for emissionAI_ml_pipeline to 2025-02-22 00:00:00+00:00, run_after=2025-02-23 00:00:00+00:00
[2025-02-23T21:05:17.706+0000] {processor.py:208} INFO - Processing /opt/airflow/dags/ml_pipeline.py took 0.129 seconds
[2025-02-23T21:05:47.886+0000] {processor.py:186} INFO - Started process (PID=236) to work on /opt/airflow/dags/ml_pipeline.py
[2025-02-23T21:05:47.887+0000] {processor.py:914} INFO - Processing file /opt/airflow/dags/ml_pipeline.py for tasks to queue
[2025-02-23T21:05:47.891+0000] {logging_mixin.py:190} INFO - [2025-02-23T21:05:47.891+0000] {dagbag.py:588} INFO - Filling up the DagBag from /opt/airflow/dags/ml_pipeline.py
[2025-02-23T21:05:47.922+0000] {processor.py:925} INFO - DAG(s) 'emissionAI_ml_pipeline' retrieved from /opt/airflow/dags/ml_pipeline.py
[2025-02-23T21:05:47.945+0000] {logging_mixin.py:190} INFO - [2025-02-23T21:05:47.945+0000] {dag.py:3239} INFO - Sync 1 DAGs
[2025-02-23T21:05:47.979+0000] {logging_mixin.py:190} INFO - [2025-02-23T21:05:47.979+0000] {dag.py:4180} INFO - Setting next_dagrun for emissionAI_ml_pipeline to 2025-02-22 00:00:00+00:00, run_after=2025-02-23 00:00:00+00:00
[2025-02-23T21:05:48.008+0000] {processor.py:208} INFO - Processing /opt/airflow/dags/ml_pipeline.py took 0.141 seconds
[2025-02-23T21:06:18.713+0000] {processor.py:186} INFO - Started process (PID=241) to work on /opt/airflow/dags/ml_pipeline.py
[2025-02-23T21:06:18.715+0000] {processor.py:914} INFO - Processing file /opt/airflow/dags/ml_pipeline.py for tasks to queue
[2025-02-23T21:06:18.718+0000] {logging_mixin.py:190} INFO - [2025-02-23T21:06:18.718+0000] {dagbag.py:588} INFO - Filling up the DagBag from /opt/airflow/dags/ml_pipeline.py
[2025-02-23T21:06:18.745+0000] {processor.py:925} INFO - DAG(s) 'emissionAI_ml_pipeline' retrieved from /opt/airflow/dags/ml_pipeline.py
[2025-02-23T21:06:18.769+0000] {logging_mixin.py:190} INFO - [2025-02-23T21:06:18.769+0000] {dag.py:3239} INFO - Sync 1 DAGs
[2025-02-23T21:06:18.802+0000] {logging_mixin.py:190} INFO - [2025-02-23T21:06:18.802+0000] {dag.py:4180} INFO - Setting next_dagrun for emissionAI_ml_pipeline to 2025-02-22 00:00:00+00:00, run_after=2025-02-23 00:00:00+00:00
[2025-02-23T21:06:18.825+0000] {processor.py:208} INFO - Processing /opt/airflow/dags/ml_pipeline.py took 0.133 seconds
[2025-02-23T21:06:49.611+0000] {processor.py:186} INFO - Started process (PID=246) to work on /opt/airflow/dags/ml_pipeline.py
[2025-02-23T21:06:49.613+0000] {processor.py:914} INFO - Processing file /opt/airflow/dags/ml_pipeline.py for tasks to queue
[2025-02-23T21:06:49.616+0000] {logging_mixin.py:190} INFO - [2025-02-23T21:06:49.616+0000] {dagbag.py:588} INFO - Filling up the DagBag from /opt/airflow/dags/ml_pipeline.py
[2025-02-23T21:06:49.646+0000] {processor.py:925} INFO - DAG(s) 'emissionAI_ml_pipeline' retrieved from /opt/airflow/dags/ml_pipeline.py
[2025-02-23T21:06:49.671+0000] {logging_mixin.py:190} INFO - [2025-02-23T21:06:49.671+0000] {dag.py:3239} INFO - Sync 1 DAGs
[2025-02-23T21:06:49.707+0000] {logging_mixin.py:190} INFO - [2025-02-23T21:06:49.707+0000] {dag.py:4180} INFO - Setting next_dagrun for emissionAI_ml_pipeline to 2025-02-22 00:00:00+00:00, run_after=2025-02-23 00:00:00+00:00
[2025-02-23T21:06:49.735+0000] {processor.py:208} INFO - Processing /opt/airflow/dags/ml_pipeline.py took 0.143 seconds
[2025-02-23T21:07:19.894+0000] {processor.py:186} INFO - Started process (PID=251) to work on /opt/airflow/dags/ml_pipeline.py
[2025-02-23T21:07:19.895+0000] {processor.py:914} INFO - Processing file /opt/airflow/dags/ml_pipeline.py for tasks to queue
[2025-02-23T21:07:19.899+0000] {logging_mixin.py:190} INFO - [2025-02-23T21:07:19.898+0000] {dagbag.py:588} INFO - Filling up the DagBag from /opt/airflow/dags/ml_pipeline.py
[2025-02-23T21:07:19.936+0000] {processor.py:925} INFO - DAG(s) 'emissionAI_ml_pipeline' retrieved from /opt/airflow/dags/ml_pipeline.py
[2025-02-23T21:07:19.963+0000] {logging_mixin.py:190} INFO - [2025-02-23T21:07:19.963+0000] {dag.py:3239} INFO - Sync 1 DAGs
[2025-02-23T21:07:20.005+0000] {logging_mixin.py:190} INFO - [2025-02-23T21:07:20.004+0000] {dag.py:4180} INFO - Setting next_dagrun for emissionAI_ml_pipeline to 2025-02-22 00:00:00+00:00, run_after=2025-02-23 00:00:00+00:00
[2025-02-23T21:07:20.033+0000] {processor.py:208} INFO - Processing /opt/airflow/dags/ml_pipeline.py took 0.162 seconds
[2025-02-23T21:07:50.443+0000] {processor.py:186} INFO - Started process (PID=256) to work on /opt/airflow/dags/ml_pipeline.py
[2025-02-23T21:07:50.444+0000] {processor.py:914} INFO - Processing file /opt/airflow/dags/ml_pipeline.py for tasks to queue
[2025-02-23T21:07:50.448+0000] {logging_mixin.py:190} INFO - [2025-02-23T21:07:50.447+0000] {dagbag.py:588} INFO - Filling up the DagBag from /opt/airflow/dags/ml_pipeline.py
[2025-02-23T21:07:50.476+0000] {processor.py:925} INFO - DAG(s) 'emissionAI_ml_pipeline' retrieved from /opt/airflow/dags/ml_pipeline.py
[2025-02-23T21:07:50.500+0000] {logging_mixin.py:190} INFO - [2025-02-23T21:07:50.499+0000] {dag.py:3239} INFO - Sync 1 DAGs
[2025-02-23T21:07:50.536+0000] {logging_mixin.py:190} INFO - [2025-02-23T21:07:50.535+0000] {dag.py:4180} INFO - Setting next_dagrun for emissionAI_ml_pipeline to 2025-02-22 00:00:00+00:00, run_after=2025-02-23 00:00:00+00:00
[2025-02-23T21:07:50.589+0000] {processor.py:208} INFO - Processing /opt/airflow/dags/ml_pipeline.py took 0.162 seconds
[2025-02-23T21:08:21.008+0000] {processor.py:186} INFO - Started process (PID=261) to work on /opt/airflow/dags/ml_pipeline.py
[2025-02-23T21:08:21.010+0000] {processor.py:914} INFO - Processing file /opt/airflow/dags/ml_pipeline.py for tasks to queue
[2025-02-23T21:08:21.012+0000] {logging_mixin.py:190} INFO - [2025-02-23T21:08:21.012+0000] {dagbag.py:588} INFO - Filling up the DagBag from /opt/airflow/dags/ml_pipeline.py
[2025-02-23T21:08:21.038+0000] {processor.py:925} INFO - DAG(s) 'emissionAI_ml_pipeline' retrieved from /opt/airflow/dags/ml_pipeline.py
[2025-02-23T21:08:21.062+0000] {logging_mixin.py:190} INFO - [2025-02-23T21:08:21.061+0000] {dag.py:3239} INFO - Sync 1 DAGs
[2025-02-23T21:08:21.094+0000] {logging_mixin.py:190} INFO - [2025-02-23T21:08:21.094+0000] {dag.py:4180} INFO - Setting next_dagrun for emissionAI_ml_pipeline to 2025-02-22 00:00:00+00:00, run_after=2025-02-23 00:00:00+00:00
[2025-02-23T21:08:21.119+0000] {processor.py:208} INFO - Processing /opt/airflow/dags/ml_pipeline.py took 0.127 seconds
[2025-02-23T21:08:42.372+0000] {processor.py:186} INFO - Started process (PID=266) to work on /opt/airflow/dags/ml_pipeline.py
[2025-02-23T21:08:42.373+0000] {processor.py:914} INFO - Processing file /opt/airflow/dags/ml_pipeline.py for tasks to queue
[2025-02-23T21:08:42.376+0000] {logging_mixin.py:190} INFO - [2025-02-23T21:08:42.375+0000] {dagbag.py:588} INFO - Filling up the DagBag from /opt/airflow/dags/ml_pipeline.py
[2025-02-23T21:08:42.414+0000] {processor.py:925} INFO - DAG(s) 'emissionAI_ml_pipeline' retrieved from /opt/airflow/dags/ml_pipeline.py
[2025-02-23T21:08:42.437+0000] {logging_mixin.py:190} INFO - [2025-02-23T21:08:42.437+0000] {dag.py:3239} INFO - Sync 1 DAGs
[2025-02-23T21:08:42.472+0000] {logging_mixin.py:190} INFO - [2025-02-23T21:08:42.472+0000] {dag.py:4180} INFO - Setting next_dagrun for emissionAI_ml_pipeline to 2025-02-22 00:00:00+00:00, run_after=2025-02-23 00:00:00+00:00
[2025-02-23T21:08:42.532+0000] {processor.py:208} INFO - Processing /opt/airflow/dags/ml_pipeline.py took 0.176 seconds
[2025-02-23T21:09:02.625+0000] {processor.py:186} INFO - Started process (PID=271) to work on /opt/airflow/dags/ml_pipeline.py
[2025-02-23T21:09:02.626+0000] {processor.py:914} INFO - Processing file /opt/airflow/dags/ml_pipeline.py for tasks to queue
[2025-02-23T21:09:02.630+0000] {logging_mixin.py:190} INFO - [2025-02-23T21:09:02.629+0000] {dagbag.py:588} INFO - Filling up the DagBag from /opt/airflow/dags/ml_pipeline.py
[2025-02-23T21:09:02.669+0000] {processor.py:925} INFO - DAG(s) 'emissionAI_ml_pipeline' retrieved from /opt/airflow/dags/ml_pipeline.py
[2025-02-23T21:09:02.695+0000] {logging_mixin.py:190} INFO - [2025-02-23T21:09:02.695+0000] {dag.py:3239} INFO - Sync 1 DAGs
[2025-02-23T21:09:02.727+0000] {logging_mixin.py:190} INFO - [2025-02-23T21:09:02.727+0000] {dag.py:4180} INFO - Setting next_dagrun for emissionAI_ml_pipeline to 2025-02-22 00:00:00+00:00, run_after=2025-02-23 00:00:00+00:00
[2025-02-23T21:09:02.787+0000] {processor.py:208} INFO - Processing /opt/airflow/dags/ml_pipeline.py took 0.180 seconds
[2025-02-23T21:09:43.634+0000] {processor.py:186} INFO - Started process (PID=186) to work on /opt/airflow/dags/ml_pipeline.py
[2025-02-23T21:09:43.636+0000] {processor.py:914} INFO - Processing file /opt/airflow/dags/ml_pipeline.py for tasks to queue
[2025-02-23T21:09:43.640+0000] {logging_mixin.py:190} INFO - [2025-02-23T21:09:43.639+0000] {dagbag.py:588} INFO - Filling up the DagBag from /opt/airflow/dags/ml_pipeline.py
[2025-02-23T21:09:43.682+0000] {processor.py:925} INFO - DAG(s) 'emissionAI_ml_pipeline' retrieved from /opt/airflow/dags/ml_pipeline.py
[2025-02-23T21:09:43.731+0000] {logging_mixin.py:190} INFO - [2025-02-23T21:09:43.730+0000] {dag.py:3239} INFO - Sync 1 DAGs
[2025-02-23T21:09:43.779+0000] {logging_mixin.py:190} INFO - [2025-02-23T21:09:43.778+0000] {dag.py:4180} INFO - Setting next_dagrun for emissionAI_ml_pipeline to 2025-02-22 00:00:00+00:00, run_after=2025-02-23 00:00:00+00:00
[2025-02-23T21:09:43.837+0000] {processor.py:208} INFO - Processing /opt/airflow/dags/ml_pipeline.py took 0.216 seconds
[2025-02-23T21:10:14.061+0000] {processor.py:186} INFO - Started process (PID=220) to work on /opt/airflow/dags/ml_pipeline.py
[2025-02-23T21:10:14.063+0000] {processor.py:914} INFO - Processing file /opt/airflow/dags/ml_pipeline.py for tasks to queue
[2025-02-23T21:10:14.067+0000] {logging_mixin.py:190} INFO - [2025-02-23T21:10:14.066+0000] {dagbag.py:588} INFO - Filling up the DagBag from /opt/airflow/dags/ml_pipeline.py
[2025-02-23T21:10:14.100+0000] {processor.py:925} INFO - DAG(s) 'emissionAI_ml_pipeline' retrieved from /opt/airflow/dags/ml_pipeline.py
[2025-02-23T21:10:14.131+0000] {logging_mixin.py:190} INFO - [2025-02-23T21:10:14.130+0000] {dag.py:3239} INFO - Sync 1 DAGs
[2025-02-23T21:10:14.169+0000] {logging_mixin.py:190} INFO - [2025-02-23T21:10:14.169+0000] {dag.py:4180} INFO - Setting next_dagrun for emissionAI_ml_pipeline to 2025-02-22 00:00:00+00:00, run_after=2025-02-23 00:00:00+00:00
[2025-02-23T21:10:14.200+0000] {processor.py:208} INFO - Processing /opt/airflow/dags/ml_pipeline.py took 0.158 seconds
[2025-02-23T21:10:37.343+0000] {processor.py:186} INFO - Started process (PID=225) to work on /opt/airflow/dags/ml_pipeline.py
[2025-02-23T21:10:37.345+0000] {processor.py:914} INFO - Processing file /opt/airflow/dags/ml_pipeline.py for tasks to queue
[2025-02-23T21:10:37.349+0000] {logging_mixin.py:190} INFO - [2025-02-23T21:10:37.349+0000] {dagbag.py:588} INFO - Filling up the DagBag from /opt/airflow/dags/ml_pipeline.py
[2025-02-23T21:10:37.395+0000] {processor.py:925} INFO - DAG(s) 'emissionAI_ml_pipeline' retrieved from /opt/airflow/dags/ml_pipeline.py
[2025-02-23T21:10:37.586+0000] {logging_mixin.py:190} INFO - [2025-02-23T21:10:37.586+0000] {dag.py:3239} INFO - Sync 1 DAGs
[2025-02-23T21:10:37.616+0000] {logging_mixin.py:190} INFO - [2025-02-23T21:10:37.615+0000] {dag.py:4180} INFO - Setting next_dagrun for emissionAI_ml_pipeline to 2025-02-22 00:00:00+00:00, run_after=2025-02-23 00:00:00+00:00
[2025-02-23T21:10:37.647+0000] {processor.py:208} INFO - Processing /opt/airflow/dags/ml_pipeline.py took 0.326 seconds
[2025-02-23T21:10:49.707+0000] {processor.py:186} INFO - Started process (PID=230) to work on /opt/airflow/dags/ml_pipeline.py
[2025-02-23T21:10:49.708+0000] {processor.py:914} INFO - Processing file /opt/airflow/dags/ml_pipeline.py for tasks to queue
[2025-02-23T21:10:49.711+0000] {logging_mixin.py:190} INFO - [2025-02-23T21:10:49.711+0000] {dagbag.py:588} INFO - Filling up the DagBag from /opt/airflow/dags/ml_pipeline.py
[2025-02-23T21:10:49.755+0000] {processor.py:925} INFO - DAG(s) 'emissionAI_ml_pipeline' retrieved from /opt/airflow/dags/ml_pipeline.py
[2025-02-23T21:10:49.774+0000] {logging_mixin.py:190} INFO - [2025-02-23T21:10:49.774+0000] {dag.py:3239} INFO - Sync 1 DAGs
[2025-02-23T21:10:49.810+0000] {logging_mixin.py:190} INFO - [2025-02-23T21:10:49.810+0000] {dag.py:4180} INFO - Setting next_dagrun for emissionAI_ml_pipeline to 2025-02-22 00:00:00+00:00, run_after=2025-02-23 00:00:00+00:00
[2025-02-23T21:10:49.842+0000] {processor.py:208} INFO - Processing /opt/airflow/dags/ml_pipeline.py took 0.153 seconds
[2025-02-23T21:11:20.245+0000] {processor.py:186} INFO - Started process (PID=235) to work on /opt/airflow/dags/ml_pipeline.py
[2025-02-23T21:11:20.246+0000] {processor.py:914} INFO - Processing file /opt/airflow/dags/ml_pipeline.py for tasks to queue
[2025-02-23T21:11:20.250+0000] {logging_mixin.py:190} INFO - [2025-02-23T21:11:20.250+0000] {dagbag.py:588} INFO - Filling up the DagBag from /opt/airflow/dags/ml_pipeline.py
[2025-02-23T21:11:20.277+0000] {processor.py:925} INFO - DAG(s) 'emissionAI_ml_pipeline' retrieved from /opt/airflow/dags/ml_pipeline.py
[2025-02-23T21:11:20.309+0000] {logging_mixin.py:190} INFO - [2025-02-23T21:11:20.309+0000] {dag.py:3239} INFO - Sync 1 DAGs
[2025-02-23T21:11:20.340+0000] {logging_mixin.py:190} INFO - [2025-02-23T21:11:20.340+0000] {dag.py:4180} INFO - Setting next_dagrun for emissionAI_ml_pipeline to 2025-02-22 00:00:00+00:00, run_after=2025-02-23 00:00:00+00:00
[2025-02-23T21:11:20.364+0000] {processor.py:208} INFO - Processing /opt/airflow/dags/ml_pipeline.py took 0.136 seconds
[2025-02-23T21:11:50.756+0000] {processor.py:186} INFO - Started process (PID=240) to work on /opt/airflow/dags/ml_pipeline.py
[2025-02-23T21:11:50.758+0000] {processor.py:914} INFO - Processing file /opt/airflow/dags/ml_pipeline.py for tasks to queue
[2025-02-23T21:11:50.763+0000] {logging_mixin.py:190} INFO - [2025-02-23T21:11:50.763+0000] {dagbag.py:588} INFO - Filling up the DagBag from /opt/airflow/dags/ml_pipeline.py
[2025-02-23T21:11:50.796+0000] {processor.py:925} INFO - DAG(s) 'emissionAI_ml_pipeline' retrieved from /opt/airflow/dags/ml_pipeline.py
[2025-02-23T21:11:50.839+0000] {logging_mixin.py:190} INFO - [2025-02-23T21:11:50.839+0000] {dag.py:3239} INFO - Sync 1 DAGs
[2025-02-23T21:11:50.875+0000] {logging_mixin.py:190} INFO - [2025-02-23T21:11:50.875+0000] {dag.py:4180} INFO - Setting next_dagrun for emissionAI_ml_pipeline to 2025-02-22 00:00:00+00:00, run_after=2025-02-23 00:00:00+00:00
[2025-02-23T21:11:50.932+0000] {processor.py:208} INFO - Processing /opt/airflow/dags/ml_pipeline.py took 0.198 seconds
[2025-02-23T21:12:21.258+0000] {processor.py:186} INFO - Started process (PID=245) to work on /opt/airflow/dags/ml_pipeline.py
[2025-02-23T21:12:21.260+0000] {processor.py:914} INFO - Processing file /opt/airflow/dags/ml_pipeline.py for tasks to queue
[2025-02-23T21:12:21.264+0000] {logging_mixin.py:190} INFO - [2025-02-23T21:12:21.264+0000] {dagbag.py:588} INFO - Filling up the DagBag from /opt/airflow/dags/ml_pipeline.py
[2025-02-23T21:12:21.303+0000] {processor.py:925} INFO - DAG(s) 'emissionAI_ml_pipeline' retrieved from /opt/airflow/dags/ml_pipeline.py
[2025-02-23T21:12:21.355+0000] {logging_mixin.py:190} INFO - [2025-02-23T21:12:21.354+0000] {dag.py:3239} INFO - Sync 1 DAGs
[2025-02-23T21:12:21.394+0000] {logging_mixin.py:190} INFO - [2025-02-23T21:12:21.394+0000] {dag.py:4180} INFO - Setting next_dagrun for emissionAI_ml_pipeline to 2025-02-22 00:00:00+00:00, run_after=2025-02-23 00:00:00+00:00
[2025-02-23T21:12:21.457+0000] {processor.py:208} INFO - Processing /opt/airflow/dags/ml_pipeline.py took 0.226 seconds
[2025-02-23T21:12:51.842+0000] {processor.py:186} INFO - Started process (PID=250) to work on /opt/airflow/dags/ml_pipeline.py
[2025-02-23T21:12:51.844+0000] {processor.py:914} INFO - Processing file /opt/airflow/dags/ml_pipeline.py for tasks to queue
[2025-02-23T21:12:51.848+0000] {logging_mixin.py:190} INFO - [2025-02-23T21:12:51.847+0000] {dagbag.py:588} INFO - Filling up the DagBag from /opt/airflow/dags/ml_pipeline.py
[2025-02-23T21:12:51.881+0000] {processor.py:925} INFO - DAG(s) 'emissionAI_ml_pipeline' retrieved from /opt/airflow/dags/ml_pipeline.py
[2025-02-23T21:12:51.956+0000] {logging_mixin.py:190} INFO - [2025-02-23T21:12:51.956+0000] {dag.py:3239} INFO - Sync 1 DAGs
[2025-02-23T21:12:52.000+0000] {logging_mixin.py:190} INFO - [2025-02-23T21:12:51.999+0000] {dag.py:4180} INFO - Setting next_dagrun for emissionAI_ml_pipeline to 2025-02-22 00:00:00+00:00, run_after=2025-02-23 00:00:00+00:00
[2025-02-23T21:12:52.027+0000] {processor.py:208} INFO - Processing /opt/airflow/dags/ml_pipeline.py took 0.207 seconds
[2025-02-23T21:14:18.633+0000] {processor.py:186} INFO - Started process (PID=186) to work on /opt/airflow/dags/ml_pipeline.py
[2025-02-23T21:14:18.636+0000] {processor.py:914} INFO - Processing file /opt/airflow/dags/ml_pipeline.py for tasks to queue
[2025-02-23T21:14:18.643+0000] {logging_mixin.py:190} INFO - [2025-02-23T21:14:18.642+0000] {dagbag.py:588} INFO - Filling up the DagBag from /opt/airflow/dags/ml_pipeline.py
[2025-02-23T21:14:18.710+0000] {processor.py:925} INFO - DAG(s) 'emissionAI_ml_pipeline' retrieved from /opt/airflow/dags/ml_pipeline.py
[2025-02-23T21:14:18.838+0000] {logging_mixin.py:190} INFO - [2025-02-23T21:14:18.838+0000] {dag.py:3239} INFO - Sync 1 DAGs
[2025-02-23T21:14:18.908+0000] {logging_mixin.py:190} INFO - [2025-02-23T21:14:18.908+0000] {dag.py:4180} INFO - Setting next_dagrun for emissionAI_ml_pipeline to 2025-02-22 00:00:00+00:00, run_after=2025-02-23 00:00:00+00:00
[2025-02-23T21:14:18.986+0000] {processor.py:208} INFO - Processing /opt/airflow/dags/ml_pipeline.py took 0.372 seconds
[2025-02-23T21:14:49.287+0000] {processor.py:186} INFO - Started process (PID=209) to work on /opt/airflow/dags/ml_pipeline.py
[2025-02-23T21:14:49.290+0000] {processor.py:914} INFO - Processing file /opt/airflow/dags/ml_pipeline.py for tasks to queue
[2025-02-23T21:14:49.300+0000] {logging_mixin.py:190} INFO - [2025-02-23T21:14:49.299+0000] {dagbag.py:588} INFO - Filling up the DagBag from /opt/airflow/dags/ml_pipeline.py
[2025-02-23T21:14:49.352+0000] {processor.py:925} INFO - DAG(s) 'emissionAI_ml_pipeline' retrieved from /opt/airflow/dags/ml_pipeline.py
[2025-02-23T21:14:49.426+0000] {logging_mixin.py:190} INFO - [2025-02-23T21:14:49.425+0000] {dag.py:3239} INFO - Sync 1 DAGs
[2025-02-23T21:14:49.491+0000] {logging_mixin.py:190} INFO - [2025-02-23T21:14:49.490+0000] {dag.py:4180} INFO - Setting next_dagrun for emissionAI_ml_pipeline to 2025-02-22 00:00:00+00:00, run_after=2025-02-23 00:00:00+00:00
[2025-02-23T21:14:49.539+0000] {processor.py:208} INFO - Processing /opt/airflow/dags/ml_pipeline.py took 0.285 seconds
[2025-02-23T21:15:19.834+0000] {processor.py:186} INFO - Started process (PID=226) to work on /opt/airflow/dags/ml_pipeline.py
[2025-02-23T21:15:19.836+0000] {processor.py:914} INFO - Processing file /opt/airflow/dags/ml_pipeline.py for tasks to queue
[2025-02-23T21:15:19.841+0000] {logging_mixin.py:190} INFO - [2025-02-23T21:15:19.841+0000] {dagbag.py:588} INFO - Filling up the DagBag from /opt/airflow/dags/ml_pipeline.py
[2025-02-23T21:15:19.877+0000] {processor.py:925} INFO - DAG(s) 'emissionAI_ml_pipeline' retrieved from /opt/airflow/dags/ml_pipeline.py
[2025-02-23T21:15:19.936+0000] {logging_mixin.py:190} INFO - [2025-02-23T21:15:19.936+0000] {dag.py:3239} INFO - Sync 1 DAGs
[2025-02-23T21:15:19.985+0000] {logging_mixin.py:190} INFO - [2025-02-23T21:15:19.985+0000] {dag.py:4180} INFO - Setting next_dagrun for emissionAI_ml_pipeline to 2025-02-22 00:00:00+00:00, run_after=2025-02-23 00:00:00+00:00
[2025-02-23T21:15:20.018+0000] {processor.py:208} INFO - Processing /opt/airflow/dags/ml_pipeline.py took 0.219 seconds
[2025-02-23T21:15:50.549+0000] {processor.py:186} INFO - Started process (PID=241) to work on /opt/airflow/dags/ml_pipeline.py
[2025-02-23T21:15:50.552+0000] {processor.py:914} INFO - Processing file /opt/airflow/dags/ml_pipeline.py for tasks to queue
[2025-02-23T21:15:50.556+0000] {logging_mixin.py:190} INFO - [2025-02-23T21:15:50.556+0000] {dagbag.py:588} INFO - Filling up the DagBag from /opt/airflow/dags/ml_pipeline.py
[2025-02-23T21:15:50.587+0000] {processor.py:925} INFO - DAG(s) 'emissionAI_ml_pipeline' retrieved from /opt/airflow/dags/ml_pipeline.py
[2025-02-23T21:15:50.632+0000] {logging_mixin.py:190} INFO - [2025-02-23T21:15:50.631+0000] {dag.py:3239} INFO - Sync 1 DAGs
[2025-02-23T21:15:50.666+0000] {logging_mixin.py:190} INFO - [2025-02-23T21:15:50.666+0000] {dag.py:4180} INFO - Setting next_dagrun for emissionAI_ml_pipeline to 2025-02-22 00:00:00+00:00, run_after=2025-02-23 00:00:00+00:00
[2025-02-23T21:15:50.721+0000] {processor.py:208} INFO - Processing /opt/airflow/dags/ml_pipeline.py took 0.195 seconds
[2025-02-23T21:16:21.150+0000] {processor.py:186} INFO - Started process (PID=276) to work on /opt/airflow/dags/ml_pipeline.py
[2025-02-23T21:16:21.152+0000] {processor.py:914} INFO - Processing file /opt/airflow/dags/ml_pipeline.py for tasks to queue
[2025-02-23T21:16:21.157+0000] {logging_mixin.py:190} INFO - [2025-02-23T21:16:21.157+0000] {dagbag.py:588} INFO - Filling up the DagBag from /opt/airflow/dags/ml_pipeline.py
[2025-02-23T21:16:21.204+0000] {processor.py:925} INFO - DAG(s) 'emissionAI_ml_pipeline' retrieved from /opt/airflow/dags/ml_pipeline.py
[2025-02-23T21:16:21.267+0000] {logging_mixin.py:190} INFO - [2025-02-23T21:16:21.267+0000] {dag.py:3239} INFO - Sync 1 DAGs
[2025-02-23T21:16:21.303+0000] {logging_mixin.py:190} INFO - [2025-02-23T21:16:21.302+0000] {dag.py:4180} INFO - Setting next_dagrun for emissionAI_ml_pipeline to 2025-02-23 00:00:00+00:00, run_after=2025-02-24 00:00:00+00:00
[2025-02-23T21:16:21.356+0000] {processor.py:208} INFO - Processing /opt/airflow/dags/ml_pipeline.py took 0.239 seconds
[2025-02-23T21:16:51.670+0000] {processor.py:186} INFO - Started process (PID=281) to work on /opt/airflow/dags/ml_pipeline.py
[2025-02-23T21:16:51.672+0000] {processor.py:914} INFO - Processing file /opt/airflow/dags/ml_pipeline.py for tasks to queue
[2025-02-23T21:16:51.677+0000] {logging_mixin.py:190} INFO - [2025-02-23T21:16:51.676+0000] {dagbag.py:588} INFO - Filling up the DagBag from /opt/airflow/dags/ml_pipeline.py
[2025-02-23T21:16:51.715+0000] {processor.py:925} INFO - DAG(s) 'emissionAI_ml_pipeline' retrieved from /opt/airflow/dags/ml_pipeline.py
[2025-02-23T21:16:51.775+0000] {logging_mixin.py:190} INFO - [2025-02-23T21:16:51.774+0000] {dag.py:3239} INFO - Sync 1 DAGs
[2025-02-23T21:16:51.825+0000] {logging_mixin.py:190} INFO - [2025-02-23T21:16:51.824+0000] {dag.py:4180} INFO - Setting next_dagrun for emissionAI_ml_pipeline to 2025-02-23 00:00:00+00:00, run_after=2025-02-24 00:00:00+00:00
[2025-02-23T21:16:51.892+0000] {processor.py:208} INFO - Processing /opt/airflow/dags/ml_pipeline.py took 0.249 seconds
[2025-02-23T21:17:22.299+0000] {processor.py:186} INFO - Started process (PID=286) to work on /opt/airflow/dags/ml_pipeline.py
[2025-02-23T21:17:22.301+0000] {processor.py:914} INFO - Processing file /opt/airflow/dags/ml_pipeline.py for tasks to queue
[2025-02-23T21:17:22.307+0000] {logging_mixin.py:190} INFO - [2025-02-23T21:17:22.306+0000] {dagbag.py:588} INFO - Filling up the DagBag from /opt/airflow/dags/ml_pipeline.py
[2025-02-23T21:17:22.351+0000] {processor.py:925} INFO - DAG(s) 'emissionAI_ml_pipeline' retrieved from /opt/airflow/dags/ml_pipeline.py
[2025-02-23T21:17:22.407+0000] {logging_mixin.py:190} INFO - [2025-02-23T21:17:22.406+0000] {dag.py:3239} INFO - Sync 1 DAGs
[2025-02-23T21:17:22.452+0000] {logging_mixin.py:190} INFO - [2025-02-23T21:17:22.451+0000] {dag.py:4180} INFO - Setting next_dagrun for emissionAI_ml_pipeline to 2025-02-23 00:00:00+00:00, run_after=2025-02-24 00:00:00+00:00
[2025-02-23T21:17:22.482+0000] {processor.py:208} INFO - Processing /opt/airflow/dags/ml_pipeline.py took 0.214 seconds
[2025-02-23T21:17:52.770+0000] {processor.py:186} INFO - Started process (PID=291) to work on /opt/airflow/dags/ml_pipeline.py
[2025-02-23T21:17:52.771+0000] {processor.py:914} INFO - Processing file /opt/airflow/dags/ml_pipeline.py for tasks to queue
[2025-02-23T21:17:52.774+0000] {logging_mixin.py:190} INFO - [2025-02-23T21:17:52.774+0000] {dagbag.py:588} INFO - Filling up the DagBag from /opt/airflow/dags/ml_pipeline.py
[2025-02-23T21:17:52.802+0000] {processor.py:925} INFO - DAG(s) 'emissionAI_ml_pipeline' retrieved from /opt/airflow/dags/ml_pipeline.py
[2025-02-23T21:17:52.841+0000] {logging_mixin.py:190} INFO - [2025-02-23T21:17:52.841+0000] {dag.py:3239} INFO - Sync 1 DAGs
[2025-02-23T21:17:52.878+0000] {logging_mixin.py:190} INFO - [2025-02-23T21:17:52.878+0000] {dag.py:4180} INFO - Setting next_dagrun for emissionAI_ml_pipeline to 2025-02-23 00:00:00+00:00, run_after=2025-02-24 00:00:00+00:00
[2025-02-23T21:17:52.932+0000] {processor.py:208} INFO - Processing /opt/airflow/dags/ml_pipeline.py took 0.179 seconds
[2025-02-23T21:18:23.535+0000] {processor.py:186} INFO - Started process (PID=296) to work on /opt/airflow/dags/ml_pipeline.py
[2025-02-23T21:18:23.537+0000] {processor.py:914} INFO - Processing file /opt/airflow/dags/ml_pipeline.py for tasks to queue
[2025-02-23T21:18:23.539+0000] {logging_mixin.py:190} INFO - [2025-02-23T21:18:23.539+0000] {dagbag.py:588} INFO - Filling up the DagBag from /opt/airflow/dags/ml_pipeline.py
[2025-02-23T21:18:23.569+0000] {processor.py:925} INFO - DAG(s) 'emissionAI_ml_pipeline' retrieved from /opt/airflow/dags/ml_pipeline.py
[2025-02-23T21:18:23.605+0000] {logging_mixin.py:190} INFO - [2025-02-23T21:18:23.604+0000] {dag.py:3239} INFO - Sync 1 DAGs
[2025-02-23T21:18:23.638+0000] {logging_mixin.py:190} INFO - [2025-02-23T21:18:23.637+0000] {dag.py:4180} INFO - Setting next_dagrun for emissionAI_ml_pipeline to 2025-02-23 00:00:00+00:00, run_after=2025-02-24 00:00:00+00:00
[2025-02-23T21:18:23.692+0000] {processor.py:208} INFO - Processing /opt/airflow/dags/ml_pipeline.py took 0.177 seconds
[2025-02-23T21:18:41.945+0000] {processor.py:186} INFO - Started process (PID=301) to work on /opt/airflow/dags/ml_pipeline.py
[2025-02-23T21:18:41.946+0000] {processor.py:914} INFO - Processing file /opt/airflow/dags/ml_pipeline.py for tasks to queue
[2025-02-23T21:18:41.949+0000] {logging_mixin.py:190} INFO - [2025-02-23T21:18:41.949+0000] {dagbag.py:588} INFO - Filling up the DagBag from /opt/airflow/dags/ml_pipeline.py
[2025-02-23T21:18:41.994+0000] {processor.py:925} INFO - DAG(s) 'emissionAI_ml_pipeline' retrieved from /opt/airflow/dags/ml_pipeline.py
[2025-02-23T21:18:42.179+0000] {logging_mixin.py:190} INFO - [2025-02-23T21:18:42.179+0000] {dag.py:3239} INFO - Sync 1 DAGs
[2025-02-23T21:18:42.209+0000] {logging_mixin.py:190} INFO - [2025-02-23T21:18:42.209+0000] {dag.py:4180} INFO - Setting next_dagrun for emissionAI_ml_pipeline to 2025-02-23 00:00:00+00:00, run_after=2025-02-24 00:00:00+00:00
[2025-02-23T21:18:42.256+0000] {processor.py:208} INFO - Processing /opt/airflow/dags/ml_pipeline.py took 0.328 seconds
[2025-02-23T21:19:37.867+0000] {processor.py:186} INFO - Started process (PID=186) to work on /opt/airflow/dags/ml_pipeline.py
[2025-02-23T21:19:37.868+0000] {processor.py:914} INFO - Processing file /opt/airflow/dags/ml_pipeline.py for tasks to queue
[2025-02-23T21:19:37.871+0000] {logging_mixin.py:190} INFO - [2025-02-23T21:19:37.870+0000] {dagbag.py:588} INFO - Filling up the DagBag from /opt/airflow/dags/ml_pipeline.py
[2025-02-23T21:19:37.909+0000] {processor.py:925} INFO - DAG(s) 'emissionAI_ml_pipeline' retrieved from /opt/airflow/dags/ml_pipeline.py
[2025-02-23T21:19:37.965+0000] {logging_mixin.py:190} INFO - [2025-02-23T21:19:37.965+0000] {dag.py:3239} INFO - Sync 1 DAGs
[2025-02-23T21:19:37.999+0000] {logging_mixin.py:190} INFO - [2025-02-23T21:19:37.999+0000] {dag.py:4180} INFO - Setting next_dagrun for emissionAI_ml_pipeline to 2025-02-23 00:00:00+00:00, run_after=2025-02-24 00:00:00+00:00
[2025-02-23T21:19:38.027+0000] {processor.py:208} INFO - Processing /opt/airflow/dags/ml_pipeline.py took 0.169 seconds
[2025-02-23T21:20:08.572+0000] {processor.py:186} INFO - Started process (PID=220) to work on /opt/airflow/dags/ml_pipeline.py
[2025-02-23T21:20:08.580+0000] {processor.py:914} INFO - Processing file /opt/airflow/dags/ml_pipeline.py for tasks to queue
[2025-02-23T21:20:08.589+0000] {logging_mixin.py:190} INFO - [2025-02-23T21:20:08.588+0000] {dagbag.py:588} INFO - Filling up the DagBag from /opt/airflow/dags/ml_pipeline.py
[2025-02-23T21:20:08.637+0000] {processor.py:925} INFO - DAG(s) 'emissionAI_ml_pipeline' retrieved from /opt/airflow/dags/ml_pipeline.py
[2025-02-23T21:20:08.709+0000] {logging_mixin.py:190} INFO - [2025-02-23T21:20:08.709+0000] {dag.py:3239} INFO - Sync 1 DAGs
[2025-02-23T21:20:08.776+0000] {logging_mixin.py:190} INFO - [2025-02-23T21:20:08.775+0000] {dag.py:4180} INFO - Setting next_dagrun for emissionAI_ml_pipeline to 2025-02-23 00:00:00+00:00, run_after=2025-02-24 00:00:00+00:00
[2025-02-23T21:20:08.851+0000] {processor.py:208} INFO - Processing /opt/airflow/dags/ml_pipeline.py took 0.352 seconds
[2025-02-23T21:20:39.112+0000] {processor.py:186} INFO - Started process (PID=225) to work on /opt/airflow/dags/ml_pipeline.py
[2025-02-23T21:20:39.113+0000] {processor.py:914} INFO - Processing file /opt/airflow/dags/ml_pipeline.py for tasks to queue
[2025-02-23T21:20:39.117+0000] {logging_mixin.py:190} INFO - [2025-02-23T21:20:39.116+0000] {dagbag.py:588} INFO - Filling up the DagBag from /opt/airflow/dags/ml_pipeline.py
[2025-02-23T21:20:39.144+0000] {processor.py:925} INFO - DAG(s) 'emissionAI_ml_pipeline' retrieved from /opt/airflow/dags/ml_pipeline.py
[2025-02-23T21:20:39.187+0000] {logging_mixin.py:190} INFO - [2025-02-23T21:20:39.186+0000] {dag.py:3239} INFO - Sync 1 DAGs
[2025-02-23T21:20:39.221+0000] {logging_mixin.py:190} INFO - [2025-02-23T21:20:39.221+0000] {dag.py:4180} INFO - Setting next_dagrun for emissionAI_ml_pipeline to 2025-02-23 00:00:00+00:00, run_after=2025-02-24 00:00:00+00:00
[2025-02-23T21:20:39.249+0000] {processor.py:208} INFO - Processing /opt/airflow/dags/ml_pipeline.py took 0.157 seconds
[2025-02-23T21:21:09.614+0000] {processor.py:186} INFO - Started process (PID=230) to work on /opt/airflow/dags/ml_pipeline.py
[2025-02-23T21:21:09.615+0000] {processor.py:914} INFO - Processing file /opt/airflow/dags/ml_pipeline.py for tasks to queue
[2025-02-23T21:21:09.618+0000] {logging_mixin.py:190} INFO - [2025-02-23T21:21:09.618+0000] {dagbag.py:588} INFO - Filling up the DagBag from /opt/airflow/dags/ml_pipeline.py
[2025-02-23T21:21:09.645+0000] {processor.py:925} INFO - DAG(s) 'emissionAI_ml_pipeline' retrieved from /opt/airflow/dags/ml_pipeline.py
[2025-02-23T21:21:09.682+0000] {logging_mixin.py:190} INFO - [2025-02-23T21:21:09.681+0000] {dag.py:3239} INFO - Sync 1 DAGs
[2025-02-23T21:21:09.713+0000] {logging_mixin.py:190} INFO - [2025-02-23T21:21:09.713+0000] {dag.py:4180} INFO - Setting next_dagrun for emissionAI_ml_pipeline to 2025-02-23 00:00:00+00:00, run_after=2025-02-24 00:00:00+00:00
[2025-02-23T21:21:09.740+0000] {processor.py:208} INFO - Processing /opt/airflow/dags/ml_pipeline.py took 0.143 seconds
[2025-02-23T21:21:40.042+0000] {processor.py:186} INFO - Started process (PID=235) to work on /opt/airflow/dags/ml_pipeline.py
[2025-02-23T21:21:40.044+0000] {processor.py:914} INFO - Processing file /opt/airflow/dags/ml_pipeline.py for tasks to queue
[2025-02-23T21:21:40.046+0000] {logging_mixin.py:190} INFO - [2025-02-23T21:21:40.046+0000] {dagbag.py:588} INFO - Filling up the DagBag from /opt/airflow/dags/ml_pipeline.py
[2025-02-23T21:21:40.073+0000] {processor.py:925} INFO - DAG(s) 'emissionAI_ml_pipeline' retrieved from /opt/airflow/dags/ml_pipeline.py
[2025-02-23T21:21:40.108+0000] {logging_mixin.py:190} INFO - [2025-02-23T21:21:40.108+0000] {dag.py:3239} INFO - Sync 1 DAGs
[2025-02-23T21:21:40.142+0000] {logging_mixin.py:190} INFO - [2025-02-23T21:21:40.141+0000] {dag.py:4180} INFO - Setting next_dagrun for emissionAI_ml_pipeline to 2025-02-23 00:00:00+00:00, run_after=2025-02-24 00:00:00+00:00
[2025-02-23T21:21:40.165+0000] {processor.py:208} INFO - Processing /opt/airflow/dags/ml_pipeline.py took 0.140 seconds
[2025-02-23T21:22:05.033+0000] {processor.py:186} INFO - Started process (PID=184) to work on /opt/airflow/dags/ml_pipeline.py
[2025-02-23T21:22:05.034+0000] {processor.py:914} INFO - Processing file /opt/airflow/dags/ml_pipeline.py for tasks to queue
[2025-02-23T21:22:05.036+0000] {logging_mixin.py:190} INFO - [2025-02-23T21:22:05.036+0000] {dagbag.py:588} INFO - Filling up the DagBag from /opt/airflow/dags/ml_pipeline.py
[2025-02-23T21:22:05.064+0000] {processor.py:925} INFO - DAG(s) 'emissionAI_ml_pipeline' retrieved from /opt/airflow/dags/ml_pipeline.py
[2025-02-23T21:22:05.103+0000] {logging_mixin.py:190} INFO - [2025-02-23T21:22:05.102+0000] {dag.py:3239} INFO - Sync 1 DAGs
[2025-02-23T21:22:05.134+0000] {logging_mixin.py:190} INFO - [2025-02-23T21:22:05.134+0000] {dag.py:4180} INFO - Setting next_dagrun for emissionAI_ml_pipeline to 2025-02-23 00:00:00+00:00, run_after=2025-02-24 00:00:00+00:00
[2025-02-23T21:22:05.161+0000] {processor.py:208} INFO - Processing /opt/airflow/dags/ml_pipeline.py took 0.138 seconds
[2025-02-23T21:22:35.487+0000] {processor.py:186} INFO - Started process (PID=220) to work on /opt/airflow/dags/ml_pipeline.py
[2025-02-23T21:22:35.489+0000] {processor.py:914} INFO - Processing file /opt/airflow/dags/ml_pipeline.py for tasks to queue
[2025-02-23T21:22:35.493+0000] {logging_mixin.py:190} INFO - [2025-02-23T21:22:35.492+0000] {dagbag.py:588} INFO - Filling up the DagBag from /opt/airflow/dags/ml_pipeline.py
[2025-02-23T21:22:35.526+0000] {processor.py:925} INFO - DAG(s) 'emissionAI_ml_pipeline' retrieved from /opt/airflow/dags/ml_pipeline.py
[2025-02-23T21:22:35.568+0000] {logging_mixin.py:190} INFO - [2025-02-23T21:22:35.568+0000] {dag.py:3239} INFO - Sync 1 DAGs
[2025-02-23T21:22:35.605+0000] {logging_mixin.py:190} INFO - [2025-02-23T21:22:35.605+0000] {dag.py:4180} INFO - Setting next_dagrun for emissionAI_ml_pipeline to 2025-02-23 00:00:00+00:00, run_after=2025-02-24 00:00:00+00:00
[2025-02-23T21:22:35.632+0000] {processor.py:208} INFO - Processing /opt/airflow/dags/ml_pipeline.py took 0.155 seconds
[2025-02-23T21:23:06.138+0000] {processor.py:186} INFO - Started process (PID=243) to work on /opt/airflow/dags/ml_pipeline.py
[2025-02-23T21:23:06.139+0000] {processor.py:914} INFO - Processing file /opt/airflow/dags/ml_pipeline.py for tasks to queue
[2025-02-23T21:23:06.143+0000] {logging_mixin.py:190} INFO - [2025-02-23T21:23:06.142+0000] {dagbag.py:588} INFO - Filling up the DagBag from /opt/airflow/dags/ml_pipeline.py
[2025-02-23T21:23:06.184+0000] {processor.py:925} INFO - DAG(s) 'emissionAI_ml_pipeline' retrieved from /opt/airflow/dags/ml_pipeline.py
[2025-02-23T21:23:06.231+0000] {logging_mixin.py:190} INFO - [2025-02-23T21:23:06.231+0000] {dag.py:3239} INFO - Sync 1 DAGs
[2025-02-23T21:23:06.261+0000] {logging_mixin.py:190} INFO - [2025-02-23T21:23:06.261+0000] {dag.py:4180} INFO - Setting next_dagrun for emissionAI_ml_pipeline to 2025-02-23 00:00:00+00:00, run_after=2025-02-24 00:00:00+00:00
[2025-02-23T21:23:06.284+0000] {processor.py:208} INFO - Processing /opt/airflow/dags/ml_pipeline.py took 0.159 seconds
[2025-02-23T21:23:36.633+0000] {processor.py:186} INFO - Started process (PID=254) to work on /opt/airflow/dags/ml_pipeline.py
[2025-02-23T21:23:36.635+0000] {processor.py:914} INFO - Processing file /opt/airflow/dags/ml_pipeline.py for tasks to queue
[2025-02-23T21:23:36.637+0000] {logging_mixin.py:190} INFO - [2025-02-23T21:23:36.637+0000] {dagbag.py:588} INFO - Filling up the DagBag from /opt/airflow/dags/ml_pipeline.py
[2025-02-23T21:23:36.671+0000] {processor.py:925} INFO - DAG(s) 'emissionAI_ml_pipeline' retrieved from /opt/airflow/dags/ml_pipeline.py
[2025-02-23T21:23:36.710+0000] {logging_mixin.py:190} INFO - [2025-02-23T21:23:36.710+0000] {dag.py:3239} INFO - Sync 1 DAGs
[2025-02-23T21:23:36.745+0000] {logging_mixin.py:190} INFO - [2025-02-23T21:23:36.745+0000] {dag.py:4180} INFO - Setting next_dagrun for emissionAI_ml_pipeline to 2025-02-23 00:00:00+00:00, run_after=2025-02-24 00:00:00+00:00
[2025-02-23T21:23:36.780+0000] {processor.py:208} INFO - Processing /opt/airflow/dags/ml_pipeline.py took 0.155 seconds
[2025-02-23T21:24:07.304+0000] {processor.py:186} INFO - Started process (PID=259) to work on /opt/airflow/dags/ml_pipeline.py
[2025-02-23T21:24:07.305+0000] {processor.py:914} INFO - Processing file /opt/airflow/dags/ml_pipeline.py for tasks to queue
[2025-02-23T21:24:07.308+0000] {logging_mixin.py:190} INFO - [2025-02-23T21:24:07.308+0000] {dagbag.py:588} INFO - Filling up the DagBag from /opt/airflow/dags/ml_pipeline.py
[2025-02-23T21:24:07.336+0000] {processor.py:925} INFO - DAG(s) 'emissionAI_ml_pipeline' retrieved from /opt/airflow/dags/ml_pipeline.py
[2025-02-23T21:24:07.369+0000] {logging_mixin.py:190} INFO - [2025-02-23T21:24:07.369+0000] {dag.py:3239} INFO - Sync 1 DAGs
[2025-02-23T21:24:07.399+0000] {logging_mixin.py:190} INFO - [2025-02-23T21:24:07.399+0000] {dag.py:4180} INFO - Setting next_dagrun for emissionAI_ml_pipeline to 2025-02-23 00:00:00+00:00, run_after=2025-02-24 00:00:00+00:00
[2025-02-23T21:24:07.427+0000] {processor.py:208} INFO - Processing /opt/airflow/dags/ml_pipeline.py took 0.131 seconds
[2025-02-23T21:24:37.920+0000] {processor.py:186} INFO - Started process (PID=264) to work on /opt/airflow/dags/ml_pipeline.py
[2025-02-23T21:24:37.921+0000] {processor.py:914} INFO - Processing file /opt/airflow/dags/ml_pipeline.py for tasks to queue
[2025-02-23T21:24:37.924+0000] {logging_mixin.py:190} INFO - [2025-02-23T21:24:37.923+0000] {dagbag.py:588} INFO - Filling up the DagBag from /opt/airflow/dags/ml_pipeline.py
[2025-02-23T21:24:37.954+0000] {processor.py:925} INFO - DAG(s) 'emissionAI_ml_pipeline' retrieved from /opt/airflow/dags/ml_pipeline.py
[2025-02-23T21:24:37.992+0000] {logging_mixin.py:190} INFO - [2025-02-23T21:24:37.992+0000] {dag.py:3239} INFO - Sync 1 DAGs
[2025-02-23T21:24:38.024+0000] {logging_mixin.py:190} INFO - [2025-02-23T21:24:38.023+0000] {dag.py:4180} INFO - Setting next_dagrun for emissionAI_ml_pipeline to 2025-02-23 00:00:00+00:00, run_after=2025-02-24 00:00:00+00:00
[2025-02-23T21:24:38.049+0000] {processor.py:208} INFO - Processing /opt/airflow/dags/ml_pipeline.py took 0.138 seconds
[2025-02-23T21:25:08.736+0000] {processor.py:186} INFO - Started process (PID=269) to work on /opt/airflow/dags/ml_pipeline.py
[2025-02-23T21:25:08.737+0000] {processor.py:914} INFO - Processing file /opt/airflow/dags/ml_pipeline.py for tasks to queue
[2025-02-23T21:25:08.740+0000] {logging_mixin.py:190} INFO - [2025-02-23T21:25:08.740+0000] {dagbag.py:588} INFO - Filling up the DagBag from /opt/airflow/dags/ml_pipeline.py
[2025-02-23T21:25:08.772+0000] {processor.py:925} INFO - DAG(s) 'emissionAI_ml_pipeline' retrieved from /opt/airflow/dags/ml_pipeline.py
[2025-02-23T21:25:08.805+0000] {logging_mixin.py:190} INFO - [2025-02-23T21:25:08.805+0000] {dag.py:3239} INFO - Sync 1 DAGs
[2025-02-23T21:25:08.836+0000] {logging_mixin.py:190} INFO - [2025-02-23T21:25:08.836+0000] {dag.py:4180} INFO - Setting next_dagrun for emissionAI_ml_pipeline to 2025-02-23 00:00:00+00:00, run_after=2025-02-24 00:00:00+00:00
[2025-02-23T21:25:08.857+0000] {processor.py:208} INFO - Processing /opt/airflow/dags/ml_pipeline.py took 0.129 seconds
[2025-02-23T21:25:39.257+0000] {processor.py:186} INFO - Started process (PID=274) to work on /opt/airflow/dags/ml_pipeline.py
[2025-02-23T21:25:39.258+0000] {processor.py:914} INFO - Processing file /opt/airflow/dags/ml_pipeline.py for tasks to queue
[2025-02-23T21:25:39.263+0000] {logging_mixin.py:190} INFO - [2025-02-23T21:25:39.263+0000] {dagbag.py:588} INFO - Filling up the DagBag from /opt/airflow/dags/ml_pipeline.py
[2025-02-23T21:25:39.292+0000] {processor.py:925} INFO - DAG(s) 'emissionAI_ml_pipeline' retrieved from /opt/airflow/dags/ml_pipeline.py
[2025-02-23T21:25:39.329+0000] {logging_mixin.py:190} INFO - [2025-02-23T21:25:39.329+0000] {dag.py:3239} INFO - Sync 1 DAGs
[2025-02-23T21:25:39.360+0000] {logging_mixin.py:190} INFO - [2025-02-23T21:25:39.360+0000] {dag.py:4180} INFO - Setting next_dagrun for emissionAI_ml_pipeline to 2025-02-23 00:00:00+00:00, run_after=2025-02-24 00:00:00+00:00
[2025-02-23T21:25:39.413+0000] {processor.py:208} INFO - Processing /opt/airflow/dags/ml_pipeline.py took 0.166 seconds
[2025-02-23T21:26:09.514+0000] {processor.py:186} INFO - Started process (PID=279) to work on /opt/airflow/dags/ml_pipeline.py
[2025-02-23T21:26:09.516+0000] {processor.py:914} INFO - Processing file /opt/airflow/dags/ml_pipeline.py for tasks to queue
[2025-02-23T21:26:09.518+0000] {logging_mixin.py:190} INFO - [2025-02-23T21:26:09.518+0000] {dagbag.py:588} INFO - Filling up the DagBag from /opt/airflow/dags/ml_pipeline.py
[2025-02-23T21:26:09.548+0000] {processor.py:925} INFO - DAG(s) 'emissionAI_ml_pipeline' retrieved from /opt/airflow/dags/ml_pipeline.py
[2025-02-23T21:26:09.581+0000] {logging_mixin.py:190} INFO - [2025-02-23T21:26:09.581+0000] {dag.py:3239} INFO - Sync 1 DAGs
[2025-02-23T21:26:09.614+0000] {logging_mixin.py:190} INFO - [2025-02-23T21:26:09.614+0000] {dag.py:4180} INFO - Setting next_dagrun for emissionAI_ml_pipeline to 2025-02-23 00:00:00+00:00, run_after=2025-02-24 00:00:00+00:00
[2025-02-23T21:26:09.667+0000] {processor.py:208} INFO - Processing /opt/airflow/dags/ml_pipeline.py took 0.161 seconds
[2025-02-23T21:26:40.278+0000] {processor.py:186} INFO - Started process (PID=284) to work on /opt/airflow/dags/ml_pipeline.py
[2025-02-23T21:26:40.280+0000] {processor.py:914} INFO - Processing file /opt/airflow/dags/ml_pipeline.py for tasks to queue
[2025-02-23T21:26:40.283+0000] {logging_mixin.py:190} INFO - [2025-02-23T21:26:40.282+0000] {dagbag.py:588} INFO - Filling up the DagBag from /opt/airflow/dags/ml_pipeline.py
[2025-02-23T21:26:40.317+0000] {processor.py:925} INFO - DAG(s) 'emissionAI_ml_pipeline' retrieved from /opt/airflow/dags/ml_pipeline.py
[2025-02-23T21:26:40.359+0000] {logging_mixin.py:190} INFO - [2025-02-23T21:26:40.358+0000] {dag.py:3239} INFO - Sync 1 DAGs
[2025-02-23T21:26:40.398+0000] {logging_mixin.py:190} INFO - [2025-02-23T21:26:40.398+0000] {dag.py:4180} INFO - Setting next_dagrun for emissionAI_ml_pipeline to 2025-02-23 00:00:00+00:00, run_after=2025-02-24 00:00:00+00:00
[2025-02-23T21:26:40.430+0000] {processor.py:208} INFO - Processing /opt/airflow/dags/ml_pipeline.py took 0.162 seconds
[2025-02-23T21:27:10.952+0000] {processor.py:186} INFO - Started process (PID=289) to work on /opt/airflow/dags/ml_pipeline.py
[2025-02-23T21:27:10.953+0000] {processor.py:914} INFO - Processing file /opt/airflow/dags/ml_pipeline.py for tasks to queue
[2025-02-23T21:27:10.956+0000] {logging_mixin.py:190} INFO - [2025-02-23T21:27:10.955+0000] {dagbag.py:588} INFO - Filling up the DagBag from /opt/airflow/dags/ml_pipeline.py
[2025-02-23T21:27:10.985+0000] {processor.py:925} INFO - DAG(s) 'emissionAI_ml_pipeline' retrieved from /opt/airflow/dags/ml_pipeline.py
[2025-02-23T21:27:11.021+0000] {logging_mixin.py:190} INFO - [2025-02-23T21:27:11.020+0000] {dag.py:3239} INFO - Sync 1 DAGs
[2025-02-23T21:27:11.064+0000] {logging_mixin.py:190} INFO - [2025-02-23T21:27:11.064+0000] {dag.py:4180} INFO - Setting next_dagrun for emissionAI_ml_pipeline to 2025-02-23 00:00:00+00:00, run_after=2025-02-24 00:00:00+00:00
[2025-02-23T21:27:11.090+0000] {processor.py:208} INFO - Processing /opt/airflow/dags/ml_pipeline.py took 0.147 seconds
[2025-02-23T21:27:41.524+0000] {processor.py:186} INFO - Started process (PID=294) to work on /opt/airflow/dags/ml_pipeline.py
[2025-02-23T21:27:41.525+0000] {processor.py:914} INFO - Processing file /opt/airflow/dags/ml_pipeline.py for tasks to queue
[2025-02-23T21:27:41.529+0000] {logging_mixin.py:190} INFO - [2025-02-23T21:27:41.528+0000] {dagbag.py:588} INFO - Filling up the DagBag from /opt/airflow/dags/ml_pipeline.py
[2025-02-23T21:27:41.556+0000] {processor.py:925} INFO - DAG(s) 'emissionAI_ml_pipeline' retrieved from /opt/airflow/dags/ml_pipeline.py
[2025-02-23T21:27:41.601+0000] {logging_mixin.py:190} INFO - [2025-02-23T21:27:41.601+0000] {dag.py:3239} INFO - Sync 1 DAGs
[2025-02-23T21:27:41.643+0000] {logging_mixin.py:190} INFO - [2025-02-23T21:27:41.643+0000] {dag.py:4180} INFO - Setting next_dagrun for emissionAI_ml_pipeline to 2025-02-23 00:00:00+00:00, run_after=2025-02-24 00:00:00+00:00
[2025-02-23T21:27:41.669+0000] {processor.py:208} INFO - Processing /opt/airflow/dags/ml_pipeline.py took 0.154 seconds
[2025-02-23T21:28:12.199+0000] {processor.py:186} INFO - Started process (PID=299) to work on /opt/airflow/dags/ml_pipeline.py
[2025-02-23T21:28:12.201+0000] {processor.py:914} INFO - Processing file /opt/airflow/dags/ml_pipeline.py for tasks to queue
[2025-02-23T21:28:12.204+0000] {logging_mixin.py:190} INFO - [2025-02-23T21:28:12.204+0000] {dagbag.py:588} INFO - Filling up the DagBag from /opt/airflow/dags/ml_pipeline.py
[2025-02-23T21:28:12.231+0000] {processor.py:925} INFO - DAG(s) 'emissionAI_ml_pipeline' retrieved from /opt/airflow/dags/ml_pipeline.py
[2025-02-23T21:28:12.263+0000] {logging_mixin.py:190} INFO - [2025-02-23T21:28:12.263+0000] {dag.py:3239} INFO - Sync 1 DAGs
[2025-02-23T21:28:12.293+0000] {logging_mixin.py:190} INFO - [2025-02-23T21:28:12.293+0000] {dag.py:4180} INFO - Setting next_dagrun for emissionAI_ml_pipeline to 2025-02-23 00:00:00+00:00, run_after=2025-02-24 00:00:00+00:00
[2025-02-23T21:28:12.344+0000] {processor.py:208} INFO - Processing /opt/airflow/dags/ml_pipeline.py took 0.153 seconds
[2025-02-23T21:28:42.946+0000] {processor.py:186} INFO - Started process (PID=304) to work on /opt/airflow/dags/ml_pipeline.py
[2025-02-23T21:28:42.948+0000] {processor.py:914} INFO - Processing file /opt/airflow/dags/ml_pipeline.py for tasks to queue
[2025-02-23T21:28:42.951+0000] {logging_mixin.py:190} INFO - [2025-02-23T21:28:42.951+0000] {dagbag.py:588} INFO - Filling up the DagBag from /opt/airflow/dags/ml_pipeline.py
[2025-02-23T21:28:42.985+0000] {processor.py:925} INFO - DAG(s) 'emissionAI_ml_pipeline' retrieved from /opt/airflow/dags/ml_pipeline.py
[2025-02-23T21:28:43.029+0000] {logging_mixin.py:190} INFO - [2025-02-23T21:28:43.029+0000] {dag.py:3239} INFO - Sync 1 DAGs
[2025-02-23T21:28:43.069+0000] {logging_mixin.py:190} INFO - [2025-02-23T21:28:43.069+0000] {dag.py:4180} INFO - Setting next_dagrun for emissionAI_ml_pipeline to 2025-02-23 00:00:00+00:00, run_after=2025-02-24 00:00:00+00:00
[2025-02-23T21:28:43.128+0000] {processor.py:208} INFO - Processing /opt/airflow/dags/ml_pipeline.py took 0.192 seconds
[2025-02-23T21:29:13.578+0000] {processor.py:186} INFO - Started process (PID=309) to work on /opt/airflow/dags/ml_pipeline.py
[2025-02-23T21:29:13.580+0000] {processor.py:914} INFO - Processing file /opt/airflow/dags/ml_pipeline.py for tasks to queue
[2025-02-23T21:29:13.583+0000] {logging_mixin.py:190} INFO - [2025-02-23T21:29:13.582+0000] {dagbag.py:588} INFO - Filling up the DagBag from /opt/airflow/dags/ml_pipeline.py
[2025-02-23T21:29:13.610+0000] {processor.py:925} INFO - DAG(s) 'emissionAI_ml_pipeline' retrieved from /opt/airflow/dags/ml_pipeline.py
[2025-02-23T21:29:13.644+0000] {logging_mixin.py:190} INFO - [2025-02-23T21:29:13.644+0000] {dag.py:3239} INFO - Sync 1 DAGs
[2025-02-23T21:29:13.676+0000] {logging_mixin.py:190} INFO - [2025-02-23T21:29:13.676+0000] {dag.py:4180} INFO - Setting next_dagrun for emissionAI_ml_pipeline to 2025-02-23 00:00:00+00:00, run_after=2025-02-24 00:00:00+00:00
[2025-02-23T21:29:13.703+0000] {processor.py:208} INFO - Processing /opt/airflow/dags/ml_pipeline.py took 0.133 seconds
[2025-02-23T21:29:44.271+0000] {processor.py:186} INFO - Started process (PID=314) to work on /opt/airflow/dags/ml_pipeline.py
[2025-02-23T21:29:44.273+0000] {processor.py:914} INFO - Processing file /opt/airflow/dags/ml_pipeline.py for tasks to queue
[2025-02-23T21:29:44.276+0000] {logging_mixin.py:190} INFO - [2025-02-23T21:29:44.275+0000] {dagbag.py:588} INFO - Filling up the DagBag from /opt/airflow/dags/ml_pipeline.py
[2025-02-23T21:29:44.301+0000] {processor.py:925} INFO - DAG(s) 'emissionAI_ml_pipeline' retrieved from /opt/airflow/dags/ml_pipeline.py
[2025-02-23T21:29:44.334+0000] {logging_mixin.py:190} INFO - [2025-02-23T21:29:44.334+0000] {dag.py:3239} INFO - Sync 1 DAGs
[2025-02-23T21:29:44.364+0000] {logging_mixin.py:190} INFO - [2025-02-23T21:29:44.364+0000] {dag.py:4180} INFO - Setting next_dagrun for emissionAI_ml_pipeline to 2025-02-23 00:00:00+00:00, run_after=2025-02-24 00:00:00+00:00
[2025-02-23T21:29:44.387+0000] {processor.py:208} INFO - Processing /opt/airflow/dags/ml_pipeline.py took 0.123 seconds
[2025-02-23T21:30:14.832+0000] {processor.py:186} INFO - Started process (PID=319) to work on /opt/airflow/dags/ml_pipeline.py
[2025-02-23T21:30:14.834+0000] {processor.py:914} INFO - Processing file /opt/airflow/dags/ml_pipeline.py for tasks to queue
[2025-02-23T21:30:14.837+0000] {logging_mixin.py:190} INFO - [2025-02-23T21:30:14.837+0000] {dagbag.py:588} INFO - Filling up the DagBag from /opt/airflow/dags/ml_pipeline.py
[2025-02-23T21:30:14.864+0000] {processor.py:925} INFO - DAG(s) 'emissionAI_ml_pipeline' retrieved from /opt/airflow/dags/ml_pipeline.py
[2025-02-23T21:30:14.895+0000] {logging_mixin.py:190} INFO - [2025-02-23T21:30:14.895+0000] {dag.py:3239} INFO - Sync 1 DAGs
[2025-02-23T21:30:14.925+0000] {logging_mixin.py:190} INFO - [2025-02-23T21:30:14.925+0000] {dag.py:4180} INFO - Setting next_dagrun for emissionAI_ml_pipeline to 2025-02-23 00:00:00+00:00, run_after=2025-02-24 00:00:00+00:00
[2025-02-23T21:30:14.950+0000] {processor.py:208} INFO - Processing /opt/airflow/dags/ml_pipeline.py took 0.126 seconds
[2025-02-23T21:30:45.685+0000] {processor.py:186} INFO - Started process (PID=324) to work on /opt/airflow/dags/ml_pipeline.py
[2025-02-23T21:30:45.687+0000] {processor.py:914} INFO - Processing file /opt/airflow/dags/ml_pipeline.py for tasks to queue
[2025-02-23T21:30:45.689+0000] {logging_mixin.py:190} INFO - [2025-02-23T21:30:45.689+0000] {dagbag.py:588} INFO - Filling up the DagBag from /opt/airflow/dags/ml_pipeline.py
[2025-02-23T21:30:45.717+0000] {processor.py:925} INFO - DAG(s) 'emissionAI_ml_pipeline' retrieved from /opt/airflow/dags/ml_pipeline.py
[2025-02-23T21:30:45.775+0000] {logging_mixin.py:190} INFO - [2025-02-23T21:30:45.774+0000] {dag.py:3239} INFO - Sync 1 DAGs
[2025-02-23T21:30:45.831+0000] {logging_mixin.py:190} INFO - [2025-02-23T21:30:45.830+0000] {dag.py:4180} INFO - Setting next_dagrun for emissionAI_ml_pipeline to 2025-02-23 00:00:00+00:00, run_after=2025-02-24 00:00:00+00:00
[2025-02-23T21:30:45.861+0000] {processor.py:208} INFO - Processing /opt/airflow/dags/ml_pipeline.py took 0.184 seconds
[2025-02-23T21:31:16.293+0000] {processor.py:186} INFO - Started process (PID=329) to work on /opt/airflow/dags/ml_pipeline.py
[2025-02-23T21:31:16.295+0000] {processor.py:914} INFO - Processing file /opt/airflow/dags/ml_pipeline.py for tasks to queue
[2025-02-23T21:31:16.298+0000] {logging_mixin.py:190} INFO - [2025-02-23T21:31:16.297+0000] {dagbag.py:588} INFO - Filling up the DagBag from /opt/airflow/dags/ml_pipeline.py
[2025-02-23T21:31:16.326+0000] {processor.py:925} INFO - DAG(s) 'emissionAI_ml_pipeline' retrieved from /opt/airflow/dags/ml_pipeline.py
[2025-02-23T21:31:16.360+0000] {logging_mixin.py:190} INFO - [2025-02-23T21:31:16.360+0000] {dag.py:3239} INFO - Sync 1 DAGs
[2025-02-23T21:31:16.398+0000] {logging_mixin.py:190} INFO - [2025-02-23T21:31:16.398+0000] {dag.py:4180} INFO - Setting next_dagrun for emissionAI_ml_pipeline to 2025-02-23 00:00:00+00:00, run_after=2025-02-24 00:00:00+00:00
[2025-02-23T21:31:16.448+0000] {processor.py:208} INFO - Processing /opt/airflow/dags/ml_pipeline.py took 0.163 seconds
[2025-02-23T21:31:46.951+0000] {processor.py:186} INFO - Started process (PID=334) to work on /opt/airflow/dags/ml_pipeline.py
[2025-02-23T21:31:46.953+0000] {processor.py:914} INFO - Processing file /opt/airflow/dags/ml_pipeline.py for tasks to queue
[2025-02-23T21:31:46.956+0000] {logging_mixin.py:190} INFO - [2025-02-23T21:31:46.956+0000] {dagbag.py:588} INFO - Filling up the DagBag from /opt/airflow/dags/ml_pipeline.py
[2025-02-23T21:31:46.986+0000] {processor.py:925} INFO - DAG(s) 'emissionAI_ml_pipeline' retrieved from /opt/airflow/dags/ml_pipeline.py
[2025-02-23T21:31:47.022+0000] {logging_mixin.py:190} INFO - [2025-02-23T21:31:47.022+0000] {dag.py:3239} INFO - Sync 1 DAGs
[2025-02-23T21:31:47.053+0000] {logging_mixin.py:190} INFO - [2025-02-23T21:31:47.052+0000] {dag.py:4180} INFO - Setting next_dagrun for emissionAI_ml_pipeline to 2025-02-23 00:00:00+00:00, run_after=2025-02-24 00:00:00+00:00
[2025-02-23T21:31:47.078+0000] {processor.py:208} INFO - Processing /opt/airflow/dags/ml_pipeline.py took 0.135 seconds
[2025-02-23T21:32:17.803+0000] {processor.py:186} INFO - Started process (PID=339) to work on /opt/airflow/dags/ml_pipeline.py
[2025-02-23T21:32:17.804+0000] {processor.py:914} INFO - Processing file /opt/airflow/dags/ml_pipeline.py for tasks to queue
[2025-02-23T21:32:17.808+0000] {logging_mixin.py:190} INFO - [2025-02-23T21:32:17.807+0000] {dagbag.py:588} INFO - Filling up the DagBag from /opt/airflow/dags/ml_pipeline.py
[2025-02-23T21:32:17.833+0000] {processor.py:925} INFO - DAG(s) 'emissionAI_ml_pipeline' retrieved from /opt/airflow/dags/ml_pipeline.py
[2025-02-23T21:32:17.866+0000] {logging_mixin.py:190} INFO - [2025-02-23T21:32:17.866+0000] {dag.py:3239} INFO - Sync 1 DAGs
[2025-02-23T21:32:17.896+0000] {logging_mixin.py:190} INFO - [2025-02-23T21:32:17.895+0000] {dag.py:4180} INFO - Setting next_dagrun for emissionAI_ml_pipeline to 2025-02-23 00:00:00+00:00, run_after=2025-02-24 00:00:00+00:00
[2025-02-23T21:32:17.920+0000] {processor.py:208} INFO - Processing /opt/airflow/dags/ml_pipeline.py took 0.125 seconds
[2025-02-23T21:32:48.506+0000] {processor.py:186} INFO - Started process (PID=344) to work on /opt/airflow/dags/ml_pipeline.py
[2025-02-23T21:32:48.508+0000] {processor.py:914} INFO - Processing file /opt/airflow/dags/ml_pipeline.py for tasks to queue
[2025-02-23T21:32:48.512+0000] {logging_mixin.py:190} INFO - [2025-02-23T21:32:48.512+0000] {dagbag.py:588} INFO - Filling up the DagBag from /opt/airflow/dags/ml_pipeline.py
[2025-02-23T21:32:48.546+0000] {processor.py:925} INFO - DAG(s) 'emissionAI_ml_pipeline' retrieved from /opt/airflow/dags/ml_pipeline.py
[2025-02-23T21:32:48.586+0000] {logging_mixin.py:190} INFO - [2025-02-23T21:32:48.586+0000] {dag.py:3239} INFO - Sync 1 DAGs
[2025-02-23T21:32:48.619+0000] {logging_mixin.py:190} INFO - [2025-02-23T21:32:48.619+0000] {dag.py:4180} INFO - Setting next_dagrun for emissionAI_ml_pipeline to 2025-02-23 00:00:00+00:00, run_after=2025-02-24 00:00:00+00:00
[2025-02-23T21:32:48.646+0000] {processor.py:208} INFO - Processing /opt/airflow/dags/ml_pipeline.py took 0.150 seconds
[2025-02-23T21:33:19.264+0000] {processor.py:186} INFO - Started process (PID=349) to work on /opt/airflow/dags/ml_pipeline.py
[2025-02-23T21:33:19.265+0000] {processor.py:914} INFO - Processing file /opt/airflow/dags/ml_pipeline.py for tasks to queue
[2025-02-23T21:33:19.269+0000] {logging_mixin.py:190} INFO - [2025-02-23T21:33:19.268+0000] {dagbag.py:588} INFO - Filling up the DagBag from /opt/airflow/dags/ml_pipeline.py
[2025-02-23T21:33:19.297+0000] {processor.py:925} INFO - DAG(s) 'emissionAI_ml_pipeline' retrieved from /opt/airflow/dags/ml_pipeline.py
[2025-02-23T21:33:19.332+0000] {logging_mixin.py:190} INFO - [2025-02-23T21:33:19.331+0000] {dag.py:3239} INFO - Sync 1 DAGs
[2025-02-23T21:33:19.363+0000] {logging_mixin.py:190} INFO - [2025-02-23T21:33:19.362+0000] {dag.py:4180} INFO - Setting next_dagrun for emissionAI_ml_pipeline to 2025-02-23 00:00:00+00:00, run_after=2025-02-24 00:00:00+00:00
[2025-02-23T21:33:19.387+0000] {processor.py:208} INFO - Processing /opt/airflow/dags/ml_pipeline.py took 0.135 seconds
[2025-02-23T21:33:49.874+0000] {processor.py:186} INFO - Started process (PID=354) to work on /opt/airflow/dags/ml_pipeline.py
[2025-02-23T21:33:49.875+0000] {processor.py:914} INFO - Processing file /opt/airflow/dags/ml_pipeline.py for tasks to queue
[2025-02-23T21:33:49.878+0000] {logging_mixin.py:190} INFO - [2025-02-23T21:33:49.878+0000] {dagbag.py:588} INFO - Filling up the DagBag from /opt/airflow/dags/ml_pipeline.py
[2025-02-23T21:33:49.906+0000] {processor.py:925} INFO - DAG(s) 'emissionAI_ml_pipeline' retrieved from /opt/airflow/dags/ml_pipeline.py
[2025-02-23T21:33:49.939+0000] {logging_mixin.py:190} INFO - [2025-02-23T21:33:49.939+0000] {dag.py:3239} INFO - Sync 1 DAGs
[2025-02-23T21:33:49.969+0000] {logging_mixin.py:190} INFO - [2025-02-23T21:33:49.969+0000] {dag.py:4180} INFO - Setting next_dagrun for emissionAI_ml_pipeline to 2025-02-23 00:00:00+00:00, run_after=2025-02-24 00:00:00+00:00
[2025-02-23T21:33:49.994+0000] {processor.py:208} INFO - Processing /opt/airflow/dags/ml_pipeline.py took 0.129 seconds
[2025-02-23T21:34:20.514+0000] {processor.py:186} INFO - Started process (PID=359) to work on /opt/airflow/dags/ml_pipeline.py
[2025-02-23T21:34:20.515+0000] {processor.py:914} INFO - Processing file /opt/airflow/dags/ml_pipeline.py for tasks to queue
[2025-02-23T21:34:20.518+0000] {logging_mixin.py:190} INFO - [2025-02-23T21:34:20.518+0000] {dagbag.py:588} INFO - Filling up the DagBag from /opt/airflow/dags/ml_pipeline.py
[2025-02-23T21:34:20.546+0000] {processor.py:925} INFO - DAG(s) 'emissionAI_ml_pipeline' retrieved from /opt/airflow/dags/ml_pipeline.py
[2025-02-23T21:34:20.590+0000] {logging_mixin.py:190} INFO - [2025-02-23T21:34:20.589+0000] {dag.py:3239} INFO - Sync 1 DAGs
[2025-02-23T21:34:20.620+0000] {logging_mixin.py:190} INFO - [2025-02-23T21:34:20.620+0000] {dag.py:4180} INFO - Setting next_dagrun for emissionAI_ml_pipeline to 2025-02-23 00:00:00+00:00, run_after=2025-02-24 00:00:00+00:00
[2025-02-23T21:34:20.644+0000] {processor.py:208} INFO - Processing /opt/airflow/dags/ml_pipeline.py took 0.138 seconds
[2025-02-23T21:34:51.329+0000] {processor.py:186} INFO - Started process (PID=364) to work on /opt/airflow/dags/ml_pipeline.py
[2025-02-23T21:34:51.331+0000] {processor.py:914} INFO - Processing file /opt/airflow/dags/ml_pipeline.py for tasks to queue
[2025-02-23T21:34:51.334+0000] {logging_mixin.py:190} INFO - [2025-02-23T21:34:51.334+0000] {dagbag.py:588} INFO - Filling up the DagBag from /opt/airflow/dags/ml_pipeline.py
[2025-02-23T21:34:51.363+0000] {processor.py:925} INFO - DAG(s) 'emissionAI_ml_pipeline' retrieved from /opt/airflow/dags/ml_pipeline.py
[2025-02-23T21:34:51.395+0000] {logging_mixin.py:190} INFO - [2025-02-23T21:34:51.395+0000] {dag.py:3239} INFO - Sync 1 DAGs
[2025-02-23T21:34:51.423+0000] {logging_mixin.py:190} INFO - [2025-02-23T21:34:51.423+0000] {dag.py:4180} INFO - Setting next_dagrun for emissionAI_ml_pipeline to 2025-02-23 00:00:00+00:00, run_after=2025-02-24 00:00:00+00:00
[2025-02-23T21:34:51.448+0000] {processor.py:208} INFO - Processing /opt/airflow/dags/ml_pipeline.py took 0.128 seconds
[2025-02-23T21:35:22.050+0000] {processor.py:186} INFO - Started process (PID=369) to work on /opt/airflow/dags/ml_pipeline.py
[2025-02-23T21:35:22.052+0000] {processor.py:914} INFO - Processing file /opt/airflow/dags/ml_pipeline.py for tasks to queue
[2025-02-23T21:35:22.056+0000] {logging_mixin.py:190} INFO - [2025-02-23T21:35:22.055+0000] {dagbag.py:588} INFO - Filling up the DagBag from /opt/airflow/dags/ml_pipeline.py
[2025-02-23T21:35:22.085+0000] {processor.py:925} INFO - DAG(s) 'emissionAI_ml_pipeline' retrieved from /opt/airflow/dags/ml_pipeline.py
[2025-02-23T21:35:22.116+0000] {logging_mixin.py:190} INFO - [2025-02-23T21:35:22.116+0000] {dag.py:3239} INFO - Sync 1 DAGs
[2025-02-23T21:35:22.146+0000] {logging_mixin.py:190} INFO - [2025-02-23T21:35:22.146+0000] {dag.py:4180} INFO - Setting next_dagrun for emissionAI_ml_pipeline to 2025-02-23 00:00:00+00:00, run_after=2025-02-24 00:00:00+00:00
[2025-02-23T21:35:22.170+0000] {processor.py:208} INFO - Processing /opt/airflow/dags/ml_pipeline.py took 0.128 seconds
[2025-02-23T21:35:52.738+0000] {processor.py:186} INFO - Started process (PID=374) to work on /opt/airflow/dags/ml_pipeline.py
[2025-02-23T21:35:52.740+0000] {processor.py:914} INFO - Processing file /opt/airflow/dags/ml_pipeline.py for tasks to queue
[2025-02-23T21:35:52.743+0000] {logging_mixin.py:190} INFO - [2025-02-23T21:35:52.742+0000] {dagbag.py:588} INFO - Filling up the DagBag from /opt/airflow/dags/ml_pipeline.py
[2025-02-23T21:35:52.769+0000] {processor.py:925} INFO - DAG(s) 'emissionAI_ml_pipeline' retrieved from /opt/airflow/dags/ml_pipeline.py
[2025-02-23T21:35:52.803+0000] {logging_mixin.py:190} INFO - [2025-02-23T21:35:52.803+0000] {dag.py:3239} INFO - Sync 1 DAGs
[2025-02-23T21:35:52.835+0000] {logging_mixin.py:190} INFO - [2025-02-23T21:35:52.835+0000] {dag.py:4180} INFO - Setting next_dagrun for emissionAI_ml_pipeline to 2025-02-23 00:00:00+00:00, run_after=2025-02-24 00:00:00+00:00
[2025-02-23T21:35:52.858+0000] {processor.py:208} INFO - Processing /opt/airflow/dags/ml_pipeline.py took 0.128 seconds
[2025-02-23T21:36:23.449+0000] {processor.py:186} INFO - Started process (PID=379) to work on /opt/airflow/dags/ml_pipeline.py
[2025-02-23T21:36:23.451+0000] {processor.py:914} INFO - Processing file /opt/airflow/dags/ml_pipeline.py for tasks to queue
[2025-02-23T21:36:23.453+0000] {logging_mixin.py:190} INFO - [2025-02-23T21:36:23.453+0000] {dagbag.py:588} INFO - Filling up the DagBag from /opt/airflow/dags/ml_pipeline.py
[2025-02-23T21:36:23.482+0000] {processor.py:925} INFO - DAG(s) 'emissionAI_ml_pipeline' retrieved from /opt/airflow/dags/ml_pipeline.py
[2025-02-23T21:36:23.513+0000] {logging_mixin.py:190} INFO - [2025-02-23T21:36:23.513+0000] {dag.py:3239} INFO - Sync 1 DAGs
[2025-02-23T21:36:23.543+0000] {logging_mixin.py:190} INFO - [2025-02-23T21:36:23.543+0000] {dag.py:4180} INFO - Setting next_dagrun for emissionAI_ml_pipeline to 2025-02-23 00:00:00+00:00, run_after=2025-02-24 00:00:00+00:00
[2025-02-23T21:36:23.571+0000] {processor.py:208} INFO - Processing /opt/airflow/dags/ml_pipeline.py took 0.131 seconds
[2025-02-23T21:36:54.309+0000] {processor.py:186} INFO - Started process (PID=384) to work on /opt/airflow/dags/ml_pipeline.py
[2025-02-23T21:36:54.311+0000] {processor.py:914} INFO - Processing file /opt/airflow/dags/ml_pipeline.py for tasks to queue
[2025-02-23T21:36:54.315+0000] {logging_mixin.py:190} INFO - [2025-02-23T21:36:54.314+0000] {dagbag.py:588} INFO - Filling up the DagBag from /opt/airflow/dags/ml_pipeline.py
[2025-02-23T21:36:54.342+0000] {processor.py:925} INFO - DAG(s) 'emissionAI_ml_pipeline' retrieved from /opt/airflow/dags/ml_pipeline.py
[2025-02-23T21:36:54.373+0000] {logging_mixin.py:190} INFO - [2025-02-23T21:36:54.373+0000] {dag.py:3239} INFO - Sync 1 DAGs
[2025-02-23T21:36:54.403+0000] {logging_mixin.py:190} INFO - [2025-02-23T21:36:54.403+0000] {dag.py:4180} INFO - Setting next_dagrun for emissionAI_ml_pipeline to 2025-02-23 00:00:00+00:00, run_after=2025-02-24 00:00:00+00:00
[2025-02-23T21:36:54.426+0000] {processor.py:208} INFO - Processing /opt/airflow/dags/ml_pipeline.py took 0.124 seconds
[2025-02-23T21:37:25.027+0000] {processor.py:186} INFO - Started process (PID=389) to work on /opt/airflow/dags/ml_pipeline.py
[2025-02-23T21:37:25.028+0000] {processor.py:914} INFO - Processing file /opt/airflow/dags/ml_pipeline.py for tasks to queue
[2025-02-23T21:37:25.031+0000] {logging_mixin.py:190} INFO - [2025-02-23T21:37:25.031+0000] {dagbag.py:588} INFO - Filling up the DagBag from /opt/airflow/dags/ml_pipeline.py
[2025-02-23T21:37:25.060+0000] {processor.py:925} INFO - DAG(s) 'emissionAI_ml_pipeline' retrieved from /opt/airflow/dags/ml_pipeline.py
[2025-02-23T21:37:25.092+0000] {logging_mixin.py:190} INFO - [2025-02-23T21:37:25.092+0000] {dag.py:3239} INFO - Sync 1 DAGs
[2025-02-23T21:37:25.122+0000] {logging_mixin.py:190} INFO - [2025-02-23T21:37:25.122+0000] {dag.py:4180} INFO - Setting next_dagrun for emissionAI_ml_pipeline to 2025-02-23 00:00:00+00:00, run_after=2025-02-24 00:00:00+00:00
[2025-02-23T21:37:25.145+0000] {processor.py:208} INFO - Processing /opt/airflow/dags/ml_pipeline.py took 0.126 seconds
[2025-02-23T21:37:55.655+0000] {processor.py:186} INFO - Started process (PID=394) to work on /opt/airflow/dags/ml_pipeline.py
[2025-02-23T21:37:55.656+0000] {processor.py:914} INFO - Processing file /opt/airflow/dags/ml_pipeline.py for tasks to queue
[2025-02-23T21:37:55.659+0000] {logging_mixin.py:190} INFO - [2025-02-23T21:37:55.658+0000] {dagbag.py:588} INFO - Filling up the DagBag from /opt/airflow/dags/ml_pipeline.py
[2025-02-23T21:37:55.685+0000] {processor.py:925} INFO - DAG(s) 'emissionAI_ml_pipeline' retrieved from /opt/airflow/dags/ml_pipeline.py
[2025-02-23T21:37:55.719+0000] {logging_mixin.py:190} INFO - [2025-02-23T21:37:55.718+0000] {dag.py:3239} INFO - Sync 1 DAGs
[2025-02-23T21:37:55.748+0000] {logging_mixin.py:190} INFO - [2025-02-23T21:37:55.747+0000] {dag.py:4180} INFO - Setting next_dagrun for emissionAI_ml_pipeline to 2025-02-23 00:00:00+00:00, run_after=2025-02-24 00:00:00+00:00
[2025-02-23T21:37:55.773+0000] {processor.py:208} INFO - Processing /opt/airflow/dags/ml_pipeline.py took 0.125 seconds
[2025-02-23T21:43:10.711+0000] {processor.py:186} INFO - Started process (PID=399) to work on /opt/airflow/dags/ml_pipeline.py
[2025-02-23T21:43:10.733+0000] {processor.py:914} INFO - Processing file /opt/airflow/dags/ml_pipeline.py for tasks to queue
[2025-02-23T21:43:10.762+0000] {logging_mixin.py:190} INFO - [2025-02-23T21:43:10.761+0000] {dagbag.py:588} INFO - Filling up the DagBag from /opt/airflow/dags/ml_pipeline.py
[2025-02-23T21:43:12.044+0000] {processor.py:925} INFO - DAG(s) 'emissionAI_ml_pipeline' retrieved from /opt/airflow/dags/ml_pipeline.py
[2025-02-23T21:43:12.157+0000] {logging_mixin.py:190} INFO - [2025-02-23T21:43:12.156+0000] {dag.py:3239} INFO - Sync 1 DAGs
[2025-02-23T21:43:12.296+0000] {logging_mixin.py:190} INFO - [2025-02-23T21:43:12.295+0000] {dag.py:4180} INFO - Setting next_dagrun for emissionAI_ml_pipeline to 2025-02-23 00:00:00+00:00, run_after=2025-02-24 00:00:00+00:00
[2025-02-23T21:43:12.451+0000] {processor.py:208} INFO - Processing /opt/airflow/dags/ml_pipeline.py took 1.803 seconds
[2025-02-23T21:43:43.028+0000] {processor.py:186} INFO - Started process (PID=404) to work on /opt/airflow/dags/ml_pipeline.py
[2025-02-23T21:43:43.030+0000] {processor.py:914} INFO - Processing file /opt/airflow/dags/ml_pipeline.py for tasks to queue
[2025-02-23T21:43:43.039+0000] {logging_mixin.py:190} INFO - [2025-02-23T21:43:43.038+0000] {dagbag.py:588} INFO - Filling up the DagBag from /opt/airflow/dags/ml_pipeline.py
[2025-02-23T21:43:43.102+0000] {processor.py:925} INFO - DAG(s) 'emissionAI_ml_pipeline' retrieved from /opt/airflow/dags/ml_pipeline.py
[2025-02-23T21:43:43.198+0000] {logging_mixin.py:190} INFO - [2025-02-23T21:43:43.198+0000] {dag.py:3239} INFO - Sync 1 DAGs
[2025-02-23T21:43:43.282+0000] {logging_mixin.py:190} INFO - [2025-02-23T21:43:43.281+0000] {dag.py:4180} INFO - Setting next_dagrun for emissionAI_ml_pipeline to 2025-02-23 00:00:00+00:00, run_after=2025-02-24 00:00:00+00:00
[2025-02-23T21:43:43.340+0000] {processor.py:208} INFO - Processing /opt/airflow/dags/ml_pipeline.py took 0.340 seconds
[2025-02-23T21:44:13.675+0000] {processor.py:186} INFO - Started process (PID=409) to work on /opt/airflow/dags/ml_pipeline.py
[2025-02-23T21:44:13.677+0000] {processor.py:914} INFO - Processing file /opt/airflow/dags/ml_pipeline.py for tasks to queue
[2025-02-23T21:44:13.681+0000] {logging_mixin.py:190} INFO - [2025-02-23T21:44:13.680+0000] {dagbag.py:588} INFO - Filling up the DagBag from /opt/airflow/dags/ml_pipeline.py
[2025-02-23T21:44:13.718+0000] {processor.py:925} INFO - DAG(s) 'emissionAI_ml_pipeline' retrieved from /opt/airflow/dags/ml_pipeline.py
[2025-02-23T21:44:13.768+0000] {logging_mixin.py:190} INFO - [2025-02-23T21:44:13.768+0000] {dag.py:3239} INFO - Sync 1 DAGs
[2025-02-23T21:44:13.821+0000] {logging_mixin.py:190} INFO - [2025-02-23T21:44:13.820+0000] {dag.py:4180} INFO - Setting next_dagrun for emissionAI_ml_pipeline to 2025-02-23 00:00:00+00:00, run_after=2025-02-24 00:00:00+00:00
[2025-02-23T21:44:13.865+0000] {processor.py:208} INFO - Processing /opt/airflow/dags/ml_pipeline.py took 0.201 seconds
[2025-02-23T21:44:44.252+0000] {processor.py:186} INFO - Started process (PID=414) to work on /opt/airflow/dags/ml_pipeline.py
[2025-02-23T21:44:44.253+0000] {processor.py:914} INFO - Processing file /opt/airflow/dags/ml_pipeline.py for tasks to queue
[2025-02-23T21:44:44.256+0000] {logging_mixin.py:190} INFO - [2025-02-23T21:44:44.256+0000] {dagbag.py:588} INFO - Filling up the DagBag from /opt/airflow/dags/ml_pipeline.py
[2025-02-23T21:44:44.285+0000] {processor.py:925} INFO - DAG(s) 'emissionAI_ml_pipeline' retrieved from /opt/airflow/dags/ml_pipeline.py
[2025-02-23T21:44:44.321+0000] {logging_mixin.py:190} INFO - [2025-02-23T21:44:44.321+0000] {dag.py:3239} INFO - Sync 1 DAGs
[2025-02-23T21:44:44.356+0000] {logging_mixin.py:190} INFO - [2025-02-23T21:44:44.356+0000] {dag.py:4180} INFO - Setting next_dagrun for emissionAI_ml_pipeline to 2025-02-23 00:00:00+00:00, run_after=2025-02-24 00:00:00+00:00
[2025-02-23T21:44:44.408+0000] {processor.py:208} INFO - Processing /opt/airflow/dags/ml_pipeline.py took 0.164 seconds
[2025-02-23T21:45:14.755+0000] {processor.py:186} INFO - Started process (PID=419) to work on /opt/airflow/dags/ml_pipeline.py
[2025-02-23T21:45:14.757+0000] {processor.py:914} INFO - Processing file /opt/airflow/dags/ml_pipeline.py for tasks to queue
[2025-02-23T21:45:14.760+0000] {logging_mixin.py:190} INFO - [2025-02-23T21:45:14.759+0000] {dagbag.py:588} INFO - Filling up the DagBag from /opt/airflow/dags/ml_pipeline.py
[2025-02-23T21:45:14.786+0000] {processor.py:925} INFO - DAG(s) 'emissionAI_ml_pipeline' retrieved from /opt/airflow/dags/ml_pipeline.py
[2025-02-23T21:45:14.822+0000] {logging_mixin.py:190} INFO - [2025-02-23T21:45:14.821+0000] {dag.py:3239} INFO - Sync 1 DAGs
[2025-02-23T21:45:14.852+0000] {logging_mixin.py:190} INFO - [2025-02-23T21:45:14.852+0000] {dag.py:4180} INFO - Setting next_dagrun for emissionAI_ml_pipeline to 2025-02-23 00:00:00+00:00, run_after=2025-02-24 00:00:00+00:00
[2025-02-23T21:45:14.876+0000] {processor.py:208} INFO - Processing /opt/airflow/dags/ml_pipeline.py took 0.131 seconds
[2025-02-23T21:45:45.018+0000] {processor.py:186} INFO - Started process (PID=424) to work on /opt/airflow/dags/ml_pipeline.py
[2025-02-23T21:45:45.019+0000] {processor.py:914} INFO - Processing file /opt/airflow/dags/ml_pipeline.py for tasks to queue
[2025-02-23T21:45:45.022+0000] {logging_mixin.py:190} INFO - [2025-02-23T21:45:45.021+0000] {dagbag.py:588} INFO - Filling up the DagBag from /opt/airflow/dags/ml_pipeline.py
[2025-02-23T21:45:45.051+0000] {processor.py:925} INFO - DAG(s) 'emissionAI_ml_pipeline' retrieved from /opt/airflow/dags/ml_pipeline.py
[2025-02-23T21:45:45.085+0000] {logging_mixin.py:190} INFO - [2025-02-23T21:45:45.084+0000] {dag.py:3239} INFO - Sync 1 DAGs
[2025-02-23T21:45:45.115+0000] {logging_mixin.py:190} INFO - [2025-02-23T21:45:45.114+0000] {dag.py:4180} INFO - Setting next_dagrun for emissionAI_ml_pipeline to 2025-02-23 00:00:00+00:00, run_after=2025-02-24 00:00:00+00:00
[2025-02-23T21:45:45.140+0000] {processor.py:208} INFO - Processing /opt/airflow/dags/ml_pipeline.py took 0.131 seconds
[2025-02-23T21:46:15.343+0000] {processor.py:186} INFO - Started process (PID=429) to work on /opt/airflow/dags/ml_pipeline.py
[2025-02-23T21:46:15.344+0000] {processor.py:914} INFO - Processing file /opt/airflow/dags/ml_pipeline.py for tasks to queue
[2025-02-23T21:46:15.347+0000] {logging_mixin.py:190} INFO - [2025-02-23T21:46:15.346+0000] {dagbag.py:588} INFO - Filling up the DagBag from /opt/airflow/dags/ml_pipeline.py
[2025-02-23T21:46:15.369+0000] {processor.py:925} INFO - DAG(s) 'emissionAI_ml_pipeline' retrieved from /opt/airflow/dags/ml_pipeline.py
[2025-02-23T21:46:15.399+0000] {logging_mixin.py:190} INFO - [2025-02-23T21:46:15.399+0000] {dag.py:3239} INFO - Sync 1 DAGs
[2025-02-23T21:46:15.429+0000] {logging_mixin.py:190} INFO - [2025-02-23T21:46:15.428+0000] {dag.py:4180} INFO - Setting next_dagrun for emissionAI_ml_pipeline to 2025-02-23 00:00:00+00:00, run_after=2025-02-24 00:00:00+00:00
[2025-02-23T21:46:15.476+0000] {processor.py:208} INFO - Processing /opt/airflow/dags/ml_pipeline.py took 0.141 seconds
[2025-02-23T21:46:45.702+0000] {processor.py:186} INFO - Started process (PID=434) to work on /opt/airflow/dags/ml_pipeline.py
[2025-02-23T21:46:45.703+0000] {processor.py:914} INFO - Processing file /opt/airflow/dags/ml_pipeline.py for tasks to queue
[2025-02-23T21:46:45.707+0000] {logging_mixin.py:190} INFO - [2025-02-23T21:46:45.706+0000] {dagbag.py:588} INFO - Filling up the DagBag from /opt/airflow/dags/ml_pipeline.py
[2025-02-23T21:46:45.738+0000] {processor.py:925} INFO - DAG(s) 'emissionAI_ml_pipeline' retrieved from /opt/airflow/dags/ml_pipeline.py
[2025-02-23T21:46:45.775+0000] {logging_mixin.py:190} INFO - [2025-02-23T21:46:45.774+0000] {dag.py:3239} INFO - Sync 1 DAGs
[2025-02-23T21:46:45.809+0000] {logging_mixin.py:190} INFO - [2025-02-23T21:46:45.808+0000] {dag.py:4180} INFO - Setting next_dagrun for emissionAI_ml_pipeline to 2025-02-23 00:00:00+00:00, run_after=2025-02-24 00:00:00+00:00
[2025-02-23T21:46:45.836+0000] {processor.py:208} INFO - Processing /opt/airflow/dags/ml_pipeline.py took 0.142 seconds
[2025-02-23T21:47:16.180+0000] {processor.py:186} INFO - Started process (PID=439) to work on /opt/airflow/dags/ml_pipeline.py
[2025-02-23T21:47:16.181+0000] {processor.py:914} INFO - Processing file /opt/airflow/dags/ml_pipeline.py for tasks to queue
[2025-02-23T21:47:16.185+0000] {logging_mixin.py:190} INFO - [2025-02-23T21:47:16.184+0000] {dagbag.py:588} INFO - Filling up the DagBag from /opt/airflow/dags/ml_pipeline.py
[2025-02-23T21:47:16.214+0000] {processor.py:925} INFO - DAG(s) 'emissionAI_ml_pipeline' retrieved from /opt/airflow/dags/ml_pipeline.py
[2025-02-23T21:47:16.244+0000] {logging_mixin.py:190} INFO - [2025-02-23T21:47:16.244+0000] {dag.py:3239} INFO - Sync 1 DAGs
[2025-02-23T21:47:16.280+0000] {logging_mixin.py:190} INFO - [2025-02-23T21:47:16.279+0000] {dag.py:4180} INFO - Setting next_dagrun for emissionAI_ml_pipeline to 2025-02-23 00:00:00+00:00, run_after=2025-02-24 00:00:00+00:00
[2025-02-23T21:47:16.343+0000] {processor.py:208} INFO - Processing /opt/airflow/dags/ml_pipeline.py took 0.170 seconds
[2025-02-23T21:47:46.453+0000] {processor.py:186} INFO - Started process (PID=444) to work on /opt/airflow/dags/ml_pipeline.py
[2025-02-23T21:47:46.455+0000] {processor.py:914} INFO - Processing file /opt/airflow/dags/ml_pipeline.py for tasks to queue
[2025-02-23T21:47:46.459+0000] {logging_mixin.py:190} INFO - [2025-02-23T21:47:46.458+0000] {dagbag.py:588} INFO - Filling up the DagBag from /opt/airflow/dags/ml_pipeline.py
[2025-02-23T21:47:46.491+0000] {processor.py:925} INFO - DAG(s) 'emissionAI_ml_pipeline' retrieved from /opt/airflow/dags/ml_pipeline.py
[2025-02-23T21:47:46.535+0000] {logging_mixin.py:190} INFO - [2025-02-23T21:47:46.535+0000] {dag.py:3239} INFO - Sync 1 DAGs
[2025-02-23T21:47:46.580+0000] {logging_mixin.py:190} INFO - [2025-02-23T21:47:46.579+0000] {dag.py:4180} INFO - Setting next_dagrun for emissionAI_ml_pipeline to 2025-02-23 00:00:00+00:00, run_after=2025-02-24 00:00:00+00:00
[2025-02-23T21:47:46.604+0000] {processor.py:208} INFO - Processing /opt/airflow/dags/ml_pipeline.py took 0.163 seconds
[2025-02-23T21:48:16.860+0000] {processor.py:186} INFO - Started process (PID=449) to work on /opt/airflow/dags/ml_pipeline.py
[2025-02-23T21:48:16.862+0000] {processor.py:914} INFO - Processing file /opt/airflow/dags/ml_pipeline.py for tasks to queue
[2025-02-23T21:48:16.865+0000] {logging_mixin.py:190} INFO - [2025-02-23T21:48:16.865+0000] {dagbag.py:588} INFO - Filling up the DagBag from /opt/airflow/dags/ml_pipeline.py
[2025-02-23T21:48:16.901+0000] {processor.py:925} INFO - DAG(s) 'emissionAI_ml_pipeline' retrieved from /opt/airflow/dags/ml_pipeline.py
[2025-02-23T21:48:16.936+0000] {logging_mixin.py:190} INFO - [2025-02-23T21:48:16.936+0000] {dag.py:3239} INFO - Sync 1 DAGs
[2025-02-23T21:48:16.970+0000] {logging_mixin.py:190} INFO - [2025-02-23T21:48:16.969+0000] {dag.py:4180} INFO - Setting next_dagrun for emissionAI_ml_pipeline to 2025-02-23 00:00:00+00:00, run_after=2025-02-24 00:00:00+00:00
[2025-02-23T21:48:17.000+0000] {processor.py:208} INFO - Processing /opt/airflow/dags/ml_pipeline.py took 0.149 seconds
[2025-02-23T21:48:47.333+0000] {processor.py:186} INFO - Started process (PID=454) to work on /opt/airflow/dags/ml_pipeline.py
[2025-02-23T21:48:47.336+0000] {processor.py:914} INFO - Processing file /opt/airflow/dags/ml_pipeline.py for tasks to queue
[2025-02-23T21:48:47.339+0000] {logging_mixin.py:190} INFO - [2025-02-23T21:48:47.339+0000] {dagbag.py:588} INFO - Filling up the DagBag from /opt/airflow/dags/ml_pipeline.py
[2025-02-23T21:48:47.367+0000] {processor.py:925} INFO - DAG(s) 'emissionAI_ml_pipeline' retrieved from /opt/airflow/dags/ml_pipeline.py
[2025-02-23T21:48:47.407+0000] {logging_mixin.py:190} INFO - [2025-02-23T21:48:47.407+0000] {dag.py:3239} INFO - Sync 1 DAGs
[2025-02-23T21:48:47.446+0000] {logging_mixin.py:190} INFO - [2025-02-23T21:48:47.446+0000] {dag.py:4180} INFO - Setting next_dagrun for emissionAI_ml_pipeline to 2025-02-23 00:00:00+00:00, run_after=2025-02-24 00:00:00+00:00
[2025-02-23T21:48:47.476+0000] {processor.py:208} INFO - Processing /opt/airflow/dags/ml_pipeline.py took 0.154 seconds
[2025-02-23T21:49:19.628+0000] {processor.py:186} INFO - Started process (PID=459) to work on /opt/airflow/dags/ml_pipeline.py
[2025-02-23T21:49:19.629+0000] {processor.py:914} INFO - Processing file /opt/airflow/dags/ml_pipeline.py for tasks to queue
[2025-02-23T21:49:19.633+0000] {logging_mixin.py:190} INFO - [2025-02-23T21:49:19.632+0000] {dagbag.py:588} INFO - Filling up the DagBag from /opt/airflow/dags/ml_pipeline.py
[2025-02-23T21:49:19.668+0000] {processor.py:925} INFO - DAG(s) 'emissionAI_ml_pipeline' retrieved from /opt/airflow/dags/ml_pipeline.py
[2025-02-23T21:49:19.702+0000] {logging_mixin.py:190} INFO - [2025-02-23T21:49:19.702+0000] {dag.py:3239} INFO - Sync 1 DAGs
[2025-02-23T21:49:19.733+0000] {logging_mixin.py:190} INFO - [2025-02-23T21:49:19.733+0000] {dag.py:4180} INFO - Setting next_dagrun for emissionAI_ml_pipeline to 2025-02-23 00:00:00+00:00, run_after=2025-02-24 00:00:00+00:00
[2025-02-23T21:49:19.760+0000] {processor.py:208} INFO - Processing /opt/airflow/dags/ml_pipeline.py took 0.141 seconds
[2025-02-23T21:49:52.111+0000] {processor.py:186} INFO - Started process (PID=464) to work on /opt/airflow/dags/ml_pipeline.py
[2025-02-23T21:49:52.116+0000] {processor.py:914} INFO - Processing file /opt/airflow/dags/ml_pipeline.py for tasks to queue
[2025-02-23T21:49:52.120+0000] {logging_mixin.py:190} INFO - [2025-02-23T21:49:52.119+0000] {dagbag.py:588} INFO - Filling up the DagBag from /opt/airflow/dags/ml_pipeline.py
[2025-02-23T21:49:52.159+0000] {processor.py:925} INFO - DAG(s) 'emissionAI_ml_pipeline' retrieved from /opt/airflow/dags/ml_pipeline.py
[2025-02-23T21:49:52.195+0000] {logging_mixin.py:190} INFO - [2025-02-23T21:49:52.195+0000] {dag.py:3239} INFO - Sync 1 DAGs
[2025-02-23T21:49:52.228+0000] {logging_mixin.py:190} INFO - [2025-02-23T21:49:52.227+0000] {dag.py:4180} INFO - Setting next_dagrun for emissionAI_ml_pipeline to 2025-02-23 00:00:00+00:00, run_after=2025-02-24 00:00:00+00:00
[2025-02-23T21:49:52.252+0000] {processor.py:208} INFO - Processing /opt/airflow/dags/ml_pipeline.py took 0.156 seconds
[2025-02-23T21:50:23.596+0000] {processor.py:186} INFO - Started process (PID=469) to work on /opt/airflow/dags/ml_pipeline.py
[2025-02-23T21:50:23.597+0000] {processor.py:914} INFO - Processing file /opt/airflow/dags/ml_pipeline.py for tasks to queue
[2025-02-23T21:50:23.601+0000] {logging_mixin.py:190} INFO - [2025-02-23T21:50:23.601+0000] {dagbag.py:588} INFO - Filling up the DagBag from /opt/airflow/dags/ml_pipeline.py
[2025-02-23T21:50:23.628+0000] {processor.py:925} INFO - DAG(s) 'emissionAI_ml_pipeline' retrieved from /opt/airflow/dags/ml_pipeline.py
[2025-02-23T21:50:23.666+0000] {logging_mixin.py:190} INFO - [2025-02-23T21:50:23.666+0000] {dag.py:3239} INFO - Sync 1 DAGs
[2025-02-23T21:50:23.702+0000] {logging_mixin.py:190} INFO - [2025-02-23T21:50:23.702+0000] {dag.py:4180} INFO - Setting next_dagrun for emissionAI_ml_pipeline to 2025-02-23 00:00:00+00:00, run_after=2025-02-24 00:00:00+00:00
[2025-02-23T21:50:23.729+0000] {processor.py:208} INFO - Processing /opt/airflow/dags/ml_pipeline.py took 0.142 seconds
[2025-02-23T21:50:55.878+0000] {processor.py:186} INFO - Started process (PID=474) to work on /opt/airflow/dags/ml_pipeline.py
[2025-02-23T21:50:55.880+0000] {processor.py:914} INFO - Processing file /opt/airflow/dags/ml_pipeline.py for tasks to queue
[2025-02-23T21:50:55.883+0000] {logging_mixin.py:190} INFO - [2025-02-23T21:50:55.882+0000] {dagbag.py:588} INFO - Filling up the DagBag from /opt/airflow/dags/ml_pipeline.py
[2025-02-23T21:50:55.911+0000] {processor.py:925} INFO - DAG(s) 'emissionAI_ml_pipeline' retrieved from /opt/airflow/dags/ml_pipeline.py
[2025-02-23T21:50:55.945+0000] {logging_mixin.py:190} INFO - [2025-02-23T21:50:55.945+0000] {dag.py:3239} INFO - Sync 1 DAGs
[2025-02-23T21:50:55.976+0000] {logging_mixin.py:190} INFO - [2025-02-23T21:50:55.976+0000] {dag.py:4180} INFO - Setting next_dagrun for emissionAI_ml_pipeline to 2025-02-23 00:00:00+00:00, run_after=2025-02-24 00:00:00+00:00
[2025-02-23T21:50:56.001+0000] {processor.py:208} INFO - Processing /opt/airflow/dags/ml_pipeline.py took 0.132 seconds
[2025-02-23T21:51:28.271+0000] {processor.py:186} INFO - Started process (PID=479) to work on /opt/airflow/dags/ml_pipeline.py
[2025-02-23T21:51:28.273+0000] {processor.py:914} INFO - Processing file /opt/airflow/dags/ml_pipeline.py for tasks to queue
[2025-02-23T21:51:28.276+0000] {logging_mixin.py:190} INFO - [2025-02-23T21:51:28.276+0000] {dagbag.py:588} INFO - Filling up the DagBag from /opt/airflow/dags/ml_pipeline.py
[2025-02-23T21:51:28.306+0000] {processor.py:925} INFO - DAG(s) 'emissionAI_ml_pipeline' retrieved from /opt/airflow/dags/ml_pipeline.py
[2025-02-23T21:51:28.349+0000] {logging_mixin.py:190} INFO - [2025-02-23T21:51:28.348+0000] {dag.py:3239} INFO - Sync 1 DAGs
[2025-02-23T21:51:28.382+0000] {logging_mixin.py:190} INFO - [2025-02-23T21:51:28.382+0000] {dag.py:4180} INFO - Setting next_dagrun for emissionAI_ml_pipeline to 2025-02-23 00:00:00+00:00, run_after=2025-02-24 00:00:00+00:00
[2025-02-23T21:51:28.413+0000] {processor.py:208} INFO - Processing /opt/airflow/dags/ml_pipeline.py took 0.150 seconds
[2025-02-23T21:51:59.574+0000] {processor.py:186} INFO - Started process (PID=484) to work on /opt/airflow/dags/ml_pipeline.py
[2025-02-23T21:51:59.576+0000] {processor.py:914} INFO - Processing file /opt/airflow/dags/ml_pipeline.py for tasks to queue
[2025-02-23T21:51:59.580+0000] {logging_mixin.py:190} INFO - [2025-02-23T21:51:59.579+0000] {dagbag.py:588} INFO - Filling up the DagBag from /opt/airflow/dags/ml_pipeline.py
[2025-02-23T21:51:59.612+0000] {processor.py:925} INFO - DAG(s) 'emissionAI_ml_pipeline' retrieved from /opt/airflow/dags/ml_pipeline.py
[2025-02-23T21:51:59.650+0000] {logging_mixin.py:190} INFO - [2025-02-23T21:51:59.650+0000] {dag.py:3239} INFO - Sync 1 DAGs
[2025-02-23T21:51:59.685+0000] {logging_mixin.py:190} INFO - [2025-02-23T21:51:59.684+0000] {dag.py:4180} INFO - Setting next_dagrun for emissionAI_ml_pipeline to 2025-02-23 00:00:00+00:00, run_after=2025-02-24 00:00:00+00:00
[2025-02-23T21:51:59.739+0000] {processor.py:208} INFO - Processing /opt/airflow/dags/ml_pipeline.py took 0.175 seconds
[2025-02-23T21:52:32.040+0000] {processor.py:186} INFO - Started process (PID=489) to work on /opt/airflow/dags/ml_pipeline.py
[2025-02-23T21:52:32.042+0000] {processor.py:914} INFO - Processing file /opt/airflow/dags/ml_pipeline.py for tasks to queue
[2025-02-23T21:52:32.045+0000] {logging_mixin.py:190} INFO - [2025-02-23T21:52:32.045+0000] {dagbag.py:588} INFO - Filling up the DagBag from /opt/airflow/dags/ml_pipeline.py
[2025-02-23T21:52:32.074+0000] {processor.py:925} INFO - DAG(s) 'emissionAI_ml_pipeline' retrieved from /opt/airflow/dags/ml_pipeline.py
[2025-02-23T21:52:32.112+0000] {logging_mixin.py:190} INFO - [2025-02-23T21:52:32.112+0000] {dag.py:3239} INFO - Sync 1 DAGs
[2025-02-23T21:52:32.144+0000] {logging_mixin.py:190} INFO - [2025-02-23T21:52:32.144+0000] {dag.py:4180} INFO - Setting next_dagrun for emissionAI_ml_pipeline to 2025-02-23 00:00:00+00:00, run_after=2025-02-24 00:00:00+00:00
[2025-02-23T21:52:32.196+0000] {processor.py:208} INFO - Processing /opt/airflow/dags/ml_pipeline.py took 0.163 seconds
[2025-02-23T21:53:03.505+0000] {processor.py:186} INFO - Started process (PID=494) to work on /opt/airflow/dags/ml_pipeline.py
[2025-02-23T21:53:03.506+0000] {processor.py:914} INFO - Processing file /opt/airflow/dags/ml_pipeline.py for tasks to queue
[2025-02-23T21:53:03.509+0000] {logging_mixin.py:190} INFO - [2025-02-23T21:53:03.509+0000] {dagbag.py:588} INFO - Filling up the DagBag from /opt/airflow/dags/ml_pipeline.py
[2025-02-23T21:53:03.537+0000] {processor.py:925} INFO - DAG(s) 'emissionAI_ml_pipeline' retrieved from /opt/airflow/dags/ml_pipeline.py
[2025-02-23T21:53:03.574+0000] {logging_mixin.py:190} INFO - [2025-02-23T21:53:03.574+0000] {dag.py:3239} INFO - Sync 1 DAGs
[2025-02-23T21:53:03.605+0000] {logging_mixin.py:190} INFO - [2025-02-23T21:53:03.605+0000] {dag.py:4180} INFO - Setting next_dagrun for emissionAI_ml_pipeline to 2025-02-23 00:00:00+00:00, run_after=2025-02-24 00:00:00+00:00
[2025-02-23T21:53:03.627+0000] {processor.py:208} INFO - Processing /opt/airflow/dags/ml_pipeline.py took 0.133 seconds
[2025-02-23T21:53:35.866+0000] {processor.py:186} INFO - Started process (PID=499) to work on /opt/airflow/dags/ml_pipeline.py
[2025-02-23T21:53:35.867+0000] {processor.py:914} INFO - Processing file /opt/airflow/dags/ml_pipeline.py for tasks to queue
[2025-02-23T21:53:35.871+0000] {logging_mixin.py:190} INFO - [2025-02-23T21:53:35.871+0000] {dagbag.py:588} INFO - Filling up the DagBag from /opt/airflow/dags/ml_pipeline.py
[2025-02-23T21:53:35.900+0000] {processor.py:925} INFO - DAG(s) 'emissionAI_ml_pipeline' retrieved from /opt/airflow/dags/ml_pipeline.py
[2025-02-23T21:53:35.936+0000] {logging_mixin.py:190} INFO - [2025-02-23T21:53:35.935+0000] {dag.py:3239} INFO - Sync 1 DAGs
[2025-02-23T21:53:35.968+0000] {logging_mixin.py:190} INFO - [2025-02-23T21:53:35.968+0000] {dag.py:4180} INFO - Setting next_dagrun for emissionAI_ml_pipeline to 2025-02-23 00:00:00+00:00, run_after=2025-02-24 00:00:00+00:00
[2025-02-23T21:53:35.995+0000] {processor.py:208} INFO - Processing /opt/airflow/dags/ml_pipeline.py took 0.137 seconds
[2025-02-23T21:54:08.220+0000] {processor.py:186} INFO - Started process (PID=504) to work on /opt/airflow/dags/ml_pipeline.py
[2025-02-23T21:54:08.222+0000] {processor.py:914} INFO - Processing file /opt/airflow/dags/ml_pipeline.py for tasks to queue
[2025-02-23T21:54:08.227+0000] {logging_mixin.py:190} INFO - [2025-02-23T21:54:08.226+0000] {dagbag.py:588} INFO - Filling up the DagBag from /opt/airflow/dags/ml_pipeline.py
[2025-02-23T21:54:08.269+0000] {processor.py:925} INFO - DAG(s) 'emissionAI_ml_pipeline' retrieved from /opt/airflow/dags/ml_pipeline.py
[2025-02-23T21:54:08.319+0000] {logging_mixin.py:190} INFO - [2025-02-23T21:54:08.318+0000] {dag.py:3239} INFO - Sync 1 DAGs
[2025-02-23T21:54:08.365+0000] {logging_mixin.py:190} INFO - [2025-02-23T21:54:08.365+0000] {dag.py:4180} INFO - Setting next_dagrun for emissionAI_ml_pipeline to 2025-02-23 00:00:00+00:00, run_after=2025-02-24 00:00:00+00:00
[2025-02-23T21:54:08.428+0000] {processor.py:208} INFO - Processing /opt/airflow/dags/ml_pipeline.py took 0.220 seconds
[2025-02-23T21:54:39.612+0000] {processor.py:186} INFO - Started process (PID=509) to work on /opt/airflow/dags/ml_pipeline.py
[2025-02-23T21:54:39.614+0000] {processor.py:914} INFO - Processing file /opt/airflow/dags/ml_pipeline.py for tasks to queue
[2025-02-23T21:54:39.617+0000] {logging_mixin.py:190} INFO - [2025-02-23T21:54:39.617+0000] {dagbag.py:588} INFO - Filling up the DagBag from /opt/airflow/dags/ml_pipeline.py
[2025-02-23T21:54:39.648+0000] {processor.py:925} INFO - DAG(s) 'emissionAI_ml_pipeline' retrieved from /opt/airflow/dags/ml_pipeline.py
[2025-02-23T21:54:39.686+0000] {logging_mixin.py:190} INFO - [2025-02-23T21:54:39.686+0000] {dag.py:3239} INFO - Sync 1 DAGs
[2025-02-23T21:54:39.721+0000] {logging_mixin.py:190} INFO - [2025-02-23T21:54:39.721+0000] {dag.py:4180} INFO - Setting next_dagrun for emissionAI_ml_pipeline to 2025-02-23 00:00:00+00:00, run_after=2025-02-24 00:00:00+00:00
[2025-02-23T21:54:39.776+0000] {processor.py:208} INFO - Processing /opt/airflow/dags/ml_pipeline.py took 0.173 seconds
[2025-02-23T21:55:11.998+0000] {processor.py:186} INFO - Started process (PID=514) to work on /opt/airflow/dags/ml_pipeline.py
[2025-02-23T21:55:12.000+0000] {processor.py:914} INFO - Processing file /opt/airflow/dags/ml_pipeline.py for tasks to queue
[2025-02-23T21:55:12.004+0000] {logging_mixin.py:190} INFO - [2025-02-23T21:55:12.004+0000] {dagbag.py:588} INFO - Filling up the DagBag from /opt/airflow/dags/ml_pipeline.py
[2025-02-23T21:55:12.036+0000] {processor.py:925} INFO - DAG(s) 'emissionAI_ml_pipeline' retrieved from /opt/airflow/dags/ml_pipeline.py
[2025-02-23T21:55:12.074+0000] {logging_mixin.py:190} INFO - [2025-02-23T21:55:12.074+0000] {dag.py:3239} INFO - Sync 1 DAGs
[2025-02-23T21:55:12.119+0000] {logging_mixin.py:190} INFO - [2025-02-23T21:55:12.118+0000] {dag.py:4180} INFO - Setting next_dagrun for emissionAI_ml_pipeline to 2025-02-23 00:00:00+00:00, run_after=2025-02-24 00:00:00+00:00
[2025-02-23T21:55:12.173+0000] {processor.py:208} INFO - Processing /opt/airflow/dags/ml_pipeline.py took 0.191 seconds
[2025-02-23T21:55:44.308+0000] {processor.py:186} INFO - Started process (PID=519) to work on /opt/airflow/dags/ml_pipeline.py
[2025-02-23T21:55:44.309+0000] {processor.py:914} INFO - Processing file /opt/airflow/dags/ml_pipeline.py for tasks to queue
[2025-02-23T21:55:44.312+0000] {logging_mixin.py:190} INFO - [2025-02-23T21:55:44.311+0000] {dagbag.py:588} INFO - Filling up the DagBag from /opt/airflow/dags/ml_pipeline.py
[2025-02-23T21:55:44.341+0000] {processor.py:925} INFO - DAG(s) 'emissionAI_ml_pipeline' retrieved from /opt/airflow/dags/ml_pipeline.py
[2025-02-23T21:55:44.375+0000] {logging_mixin.py:190} INFO - [2025-02-23T21:55:44.375+0000] {dag.py:3239} INFO - Sync 1 DAGs
[2025-02-23T21:55:44.406+0000] {logging_mixin.py:190} INFO - [2025-02-23T21:55:44.405+0000] {dag.py:4180} INFO - Setting next_dagrun for emissionAI_ml_pipeline to 2025-02-23 00:00:00+00:00, run_after=2025-02-24 00:00:00+00:00
[2025-02-23T21:55:44.455+0000] {processor.py:208} INFO - Processing /opt/airflow/dags/ml_pipeline.py took 0.156 seconds
[2025-02-23T21:56:15.773+0000] {processor.py:186} INFO - Started process (PID=524) to work on /opt/airflow/dags/ml_pipeline.py
[2025-02-23T21:56:15.774+0000] {processor.py:914} INFO - Processing file /opt/airflow/dags/ml_pipeline.py for tasks to queue
[2025-02-23T21:56:15.777+0000] {logging_mixin.py:190} INFO - [2025-02-23T21:56:15.777+0000] {dagbag.py:588} INFO - Filling up the DagBag from /opt/airflow/dags/ml_pipeline.py
[2025-02-23T21:56:15.804+0000] {processor.py:925} INFO - DAG(s) 'emissionAI_ml_pipeline' retrieved from /opt/airflow/dags/ml_pipeline.py
[2025-02-23T21:56:15.838+0000] {logging_mixin.py:190} INFO - [2025-02-23T21:56:15.838+0000] {dag.py:3239} INFO - Sync 1 DAGs
[2025-02-23T21:56:15.872+0000] {logging_mixin.py:190} INFO - [2025-02-23T21:56:15.872+0000] {dag.py:4180} INFO - Setting next_dagrun for emissionAI_ml_pipeline to 2025-02-23 00:00:00+00:00, run_after=2025-02-24 00:00:00+00:00
[2025-02-23T21:56:15.923+0000] {processor.py:208} INFO - Processing /opt/airflow/dags/ml_pipeline.py took 0.159 seconds
[2025-02-23T21:56:48.080+0000] {processor.py:186} INFO - Started process (PID=529) to work on /opt/airflow/dags/ml_pipeline.py
[2025-02-23T21:56:48.081+0000] {processor.py:914} INFO - Processing file /opt/airflow/dags/ml_pipeline.py for tasks to queue
[2025-02-23T21:56:48.085+0000] {logging_mixin.py:190} INFO - [2025-02-23T21:56:48.084+0000] {dagbag.py:588} INFO - Filling up the DagBag from /opt/airflow/dags/ml_pipeline.py
[2025-02-23T21:56:48.115+0000] {processor.py:925} INFO - DAG(s) 'emissionAI_ml_pipeline' retrieved from /opt/airflow/dags/ml_pipeline.py
[2025-02-23T21:56:48.154+0000] {logging_mixin.py:190} INFO - [2025-02-23T21:56:48.153+0000] {dag.py:3239} INFO - Sync 1 DAGs
[2025-02-23T21:56:48.190+0000] {logging_mixin.py:190} INFO - [2025-02-23T21:56:48.190+0000] {dag.py:4180} INFO - Setting next_dagrun for emissionAI_ml_pipeline to 2025-02-23 00:00:00+00:00, run_after=2025-02-24 00:00:00+00:00
[2025-02-23T21:56:48.220+0000] {processor.py:208} INFO - Processing /opt/airflow/dags/ml_pipeline.py took 0.151 seconds
