[2025-02-24T02:46:28.037+0000] {local_task_job_runner.py:123} INFO - ::group::Pre task execution logs
[2025-02-24T02:46:28.057+0000] {taskinstance.py:2614} INFO - Dependencies all met for dep_context=non-requeueable deps ti=<TaskInstance: emissionAI_ml_pipeline.ingest_data scheduled__2025-02-23T00:00:00+00:00 [queued]>
[2025-02-24T02:46:28.068+0000] {taskinstance.py:2614} INFO - Dependencies all met for dep_context=requeueable deps ti=<TaskInstance: emissionAI_ml_pipeline.ingest_data scheduled__2025-02-23T00:00:00+00:00 [queued]>
[2025-02-24T02:46:28.070+0000] {taskinstance.py:2867} INFO - Starting attempt 1 of 2
[2025-02-24T02:46:28.088+0000] {taskinstance.py:2890} INFO - Executing <Task(_PythonDecoratedOperator): ingest_data> on 2025-02-23 00:00:00+00:00
[2025-02-24T02:46:28.093+0000] {standard_task_runner.py:72} INFO - Started process 191 to run task
[2025-02-24T02:46:28.097+0000] {standard_task_runner.py:104} INFO - Running: ['***', 'tasks', 'run', 'emissionAI_ml_pipeline', 'ingest_data', 'scheduled__2025-02-23T00:00:00+00:00', '--job-id', '24', '--raw', '--subdir', 'DAGS_FOLDER/ml_pipeline.py', '--cfg-path', '/tmp/tmp7s9ez7vk']
[2025-02-24T02:46:28.100+0000] {standard_task_runner.py:105} INFO - Job 24: Subtask ingest_data
[2025-02-24T02:46:28.160+0000] {task_command.py:467} INFO - Running <TaskInstance: emissionAI_ml_pipeline.ingest_data scheduled__2025-02-23T00:00:00+00:00 [running]> on host 89dd348b5568
[2025-02-24T02:46:28.316+0000] {taskinstance.py:3134} INFO - Exporting env vars: AIRFLOW_CTX_DAG_OWNER='***' AIRFLOW_CTX_DAG_ID='emissionAI_ml_pipeline' AIRFLOW_CTX_TASK_ID='ingest_data' AIRFLOW_CTX_EXECUTION_DATE='2025-02-23T00:00:00+00:00' AIRFLOW_CTX_TRY_NUMBER='1' AIRFLOW_CTX_DAG_RUN_ID='scheduled__2025-02-23T00:00:00+00:00'
[2025-02-24T02:46:28.318+0000] {taskinstance.py:732} INFO - ::endgroup::
[2025-02-24T02:46:28.324+0000] {logging_mixin.py:190} INFO - hello2
[2025-02-24T02:46:28.326+0000] {python.py:240} INFO - Done. Returned value was: None
[2025-02-24T02:46:28.340+0000] {taskinstance.py:341} INFO - ::group::Post task execution logs
[2025-02-24T02:46:28.341+0000] {taskinstance.py:353} INFO - Marking task as SUCCESS. dag_id=emissionAI_ml_pipeline, task_id=ingest_data, run_id=scheduled__2025-02-23T00:00:00+00:00, execution_date=20250223T000000, start_date=20250224T024628, end_date=20250224T024628
[2025-02-24T02:46:28.392+0000] {local_task_job_runner.py:266} INFO - Task exited with return code 0
[2025-02-24T02:46:28.431+0000] {taskinstance.py:3901} INFO - 1 downstream tasks scheduled from follow-on schedule check
[2025-02-24T02:46:28.434+0000] {local_task_job_runner.py:245} INFO - ::endgroup::
[2025-02-24T13:21:36.130+0000] {local_task_job_runner.py:123} INFO - ::group::Pre task execution logs
[2025-02-24T13:21:36.169+0000] {taskinstance.py:2614} INFO - Dependencies all met for dep_context=non-requeueable deps ti=<TaskInstance: emissionAI_ml_pipeline.ingest_data scheduled__2025-02-23T00:00:00+00:00 [queued]>
[2025-02-24T13:21:36.187+0000] {taskinstance.py:2614} INFO - Dependencies all met for dep_context=requeueable deps ti=<TaskInstance: emissionAI_ml_pipeline.ingest_data scheduled__2025-02-23T00:00:00+00:00 [queued]>
[2025-02-24T13:21:36.188+0000] {taskinstance.py:2867} INFO - Starting attempt 1 of 2
[2025-02-24T13:21:36.220+0000] {taskinstance.py:2890} INFO - Executing <Task(_PythonDecoratedOperator): ingest_data> on 2025-02-23 00:00:00+00:00
[2025-02-24T13:21:36.228+0000] {standard_task_runner.py:72} INFO - Started process 266 to run task
[2025-02-24T13:21:36.248+0000] {standard_task_runner.py:104} INFO - Running: ['airflow', 'tasks', 'run', 'emissionAI_ml_pipeline', 'ingest_data', 'scheduled__2025-02-23T00:00:00+00:00', '--job-id', '2', '--raw', '--subdir', 'DAGS_FOLDER/ml_pipeline.py', '--cfg-path', '/tmp/tmp_5_n56d3']
[2025-02-24T13:21:36.256+0000] {standard_task_runner.py:105} INFO - Job 2: Subtask ingest_data
[2025-02-24T13:21:36.368+0000] {task_command.py:467} INFO - Running <TaskInstance: emissionAI_ml_pipeline.ingest_data scheduled__2025-02-23T00:00:00+00:00 [running]> on host fcfef3208fe4
[2025-02-24T13:21:36.560+0000] {taskinstance.py:3134} INFO - Exporting env vars: AIRFLOW_CTX_DAG_OWNER='airflow' AIRFLOW_CTX_DAG_ID='emissionAI_ml_pipeline' AIRFLOW_CTX_TASK_ID='ingest_data' AIRFLOW_CTX_EXECUTION_DATE='2025-02-23T00:00:00+00:00' AIRFLOW_CTX_TRY_NUMBER='1' AIRFLOW_CTX_DAG_RUN_ID='scheduled__2025-02-23T00:00:00+00:00'
[2025-02-24T13:21:36.563+0000] {taskinstance.py:732} INFO - ::endgroup::
[2025-02-24T13:21:36.569+0000] {logging_mixin.py:190} INFO - hello2
[2025-02-24T13:21:36.570+0000] {python.py:240} INFO - Done. Returned value was: None
[2025-02-24T13:21:36.582+0000] {taskinstance.py:341} INFO - ::group::Post task execution logs
[2025-02-24T13:21:36.585+0000] {taskinstance.py:353} INFO - Marking task as SUCCESS. dag_id=emissionAI_ml_pipeline, task_id=ingest_data, run_id=scheduled__2025-02-23T00:00:00+00:00, execution_date=20250223T000000, start_date=20250224T132136, end_date=20250224T132136
[2025-02-24T13:21:36.672+0000] {local_task_job_runner.py:266} INFO - Task exited with return code 0
[2025-02-24T13:21:36.723+0000] {taskinstance.py:3901} INFO - 1 downstream tasks scheduled from follow-on schedule check
[2025-02-24T13:21:36.727+0000] {local_task_job_runner.py:245} INFO - ::endgroup::
