[2025-03-04T23:15:46.826+0000] {processor.py:186} INFO - Started process (PID=10389) to work on /opt/airflow/dags/ml_pipeline.py
[2025-03-04T23:15:46.830+0000] {processor.py:914} INFO - Processing file /opt/airflow/dags/ml_pipeline.py for tasks to queue
[2025-03-04T23:15:46.839+0000] {logging_mixin.py:190} INFO - [2025-03-04T23:15:46.838+0000] {dagbag.py:588} INFO - Filling up the DagBag from /opt/airflow/dags/ml_pipeline.py
[2025-03-04T23:15:56.751+0000] {processor.py:925} INFO - DAG(s) 'emissionAI_ml_pipeline' retrieved from /opt/airflow/dags/ml_pipeline.py
[2025-03-04T23:15:57.232+0000] {logging_mixin.py:190} INFO - [2025-03-04T23:15:57.231+0000] {dag.py:3239} INFO - Sync 1 DAGs
[2025-03-04T23:15:57.295+0000] {logging_mixin.py:190} INFO - [2025-03-04T23:15:57.294+0000] {dag.py:4180} INFO - Setting next_dagrun for emissionAI_ml_pipeline to 2025-03-04 00:00:00+00:00, run_after=2025-03-05 00:00:00+00:00
[2025-03-04T23:15:57.362+0000] {processor.py:208} INFO - Processing /opt/airflow/dags/ml_pipeline.py took 10.531 seconds
[2025-03-04T23:16:24.357+0000] {processor.py:186} INFO - Started process (PID=10402) to work on /opt/airflow/dags/ml_pipeline.py
[2025-03-04T23:16:24.363+0000] {processor.py:914} INFO - Processing file /opt/airflow/dags/ml_pipeline.py for tasks to queue
[2025-03-04T23:16:24.375+0000] {logging_mixin.py:190} INFO - [2025-03-04T23:16:24.373+0000] {dagbag.py:588} INFO - Filling up the DagBag from /opt/airflow/dags/ml_pipeline.py
[2025-03-04T23:16:36.980+0000] {processor.py:925} INFO - DAG(s) 'emissionAI_ml_pipeline' retrieved from /opt/airflow/dags/ml_pipeline.py
[2025-03-04T23:16:37.620+0000] {logging_mixin.py:190} INFO - [2025-03-04T23:16:37.619+0000] {dag.py:3239} INFO - Sync 1 DAGs
[2025-03-04T23:16:37.699+0000] {logging_mixin.py:190} INFO - [2025-03-04T23:16:37.698+0000] {dag.py:4180} INFO - Setting next_dagrun for emissionAI_ml_pipeline to 2025-03-04 00:00:00+00:00, run_after=2025-03-05 00:00:00+00:00
[2025-03-04T23:16:37.781+0000] {processor.py:208} INFO - Processing /opt/airflow/dags/ml_pipeline.py took 13.576 seconds
[2025-03-04T23:17:08.290+0000] {processor.py:186} INFO - Started process (PID=10415) to work on /opt/airflow/dags/ml_pipeline.py
[2025-03-04T23:17:08.292+0000] {processor.py:914} INFO - Processing file /opt/airflow/dags/ml_pipeline.py for tasks to queue
[2025-03-04T23:17:08.299+0000] {logging_mixin.py:190} INFO - [2025-03-04T23:17:08.298+0000] {dagbag.py:588} INFO - Filling up the DagBag from /opt/airflow/dags/ml_pipeline.py
[2025-03-04T23:17:15.275+0000] {processor.py:925} INFO - DAG(s) 'emissionAI_ml_pipeline' retrieved from /opt/airflow/dags/ml_pipeline.py
[2025-03-04T23:17:15.506+0000] {logging_mixin.py:190} INFO - [2025-03-04T23:17:15.503+0000] {dag.py:3239} INFO - Sync 1 DAGs
[2025-03-04T23:17:15.639+0000] {logging_mixin.py:190} INFO - [2025-03-04T23:17:15.638+0000] {dag.py:4180} INFO - Setting next_dagrun for emissionAI_ml_pipeline to 2025-03-04 00:00:00+00:00, run_after=2025-03-05 00:00:00+00:00
[2025-03-04T23:17:15.757+0000] {processor.py:208} INFO - Processing /opt/airflow/dags/ml_pipeline.py took 7.490 seconds
[2025-03-04T23:17:46.653+0000] {processor.py:186} INFO - Started process (PID=10428) to work on /opt/airflow/dags/ml_pipeline.py
[2025-03-04T23:17:46.659+0000] {processor.py:914} INFO - Processing file /opt/airflow/dags/ml_pipeline.py for tasks to queue
[2025-03-04T23:17:46.668+0000] {logging_mixin.py:190} INFO - [2025-03-04T23:17:46.666+0000] {dagbag.py:588} INFO - Filling up the DagBag from /opt/airflow/dags/ml_pipeline.py
[2025-03-04T23:17:53.747+0000] {processor.py:925} INFO - DAG(s) 'emissionAI_ml_pipeline' retrieved from /opt/airflow/dags/ml_pipeline.py
[2025-03-04T23:17:53.826+0000] {logging_mixin.py:190} INFO - [2025-03-04T23:17:53.824+0000] {dag.py:3239} INFO - Sync 1 DAGs
[2025-03-04T23:17:53.914+0000] {logging_mixin.py:190} INFO - [2025-03-04T23:17:53.913+0000] {dag.py:4180} INFO - Setting next_dagrun for emissionAI_ml_pipeline to 2025-03-04 00:00:00+00:00, run_after=2025-03-05 00:00:00+00:00
[2025-03-04T23:17:53.972+0000] {processor.py:208} INFO - Processing /opt/airflow/dags/ml_pipeline.py took 7.360 seconds
