[2025-02-24T02:46:31.492+0000] {local_task_job_runner.py:123} INFO - ::group::Pre task execution logs
[2025-02-24T02:46:31.522+0000] {taskinstance.py:2614} INFO - Dependencies all met for dep_context=non-requeueable deps ti=<TaskInstance: emissionAI_ml_pipeline.model_training_and_evaluating scheduled__2025-02-23T00:00:00+00:00 [queued]>
[2025-02-24T02:46:31.537+0000] {taskinstance.py:2614} INFO - Dependencies all met for dep_context=requeueable deps ti=<TaskInstance: emissionAI_ml_pipeline.model_training_and_evaluating scheduled__2025-02-23T00:00:00+00:00 [queued]>
[2025-02-24T02:46:31.539+0000] {taskinstance.py:2867} INFO - Starting attempt 1 of 2
[2025-02-24T02:46:31.556+0000] {taskinstance.py:2890} INFO - Executing <Task(_PythonDecoratedOperator): model_training_and_evaluating> on 2025-02-23 00:00:00+00:00
[2025-02-24T02:46:31.562+0000] {standard_task_runner.py:72} INFO - Started process 200 to run task
[2025-02-24T02:46:31.569+0000] {standard_task_runner.py:104} INFO - Running: ['***', 'tasks', 'run', 'emissionAI_ml_pipeline', 'model_training_and_evaluating', 'scheduled__2025-02-23T00:00:00+00:00', '--job-id', '27', '--raw', '--subdir', 'DAGS_FOLDER/ml_pipeline.py', '--cfg-path', '/tmp/tmplxpept9y']
[2025-02-24T02:46:31.575+0000] {standard_task_runner.py:105} INFO - Job 27: Subtask model_training_and_evaluating
[2025-02-24T02:46:31.654+0000] {task_command.py:467} INFO - Running <TaskInstance: emissionAI_ml_pipeline.model_training_and_evaluating scheduled__2025-02-23T00:00:00+00:00 [running]> on host 89dd348b5568
[2025-02-24T02:46:31.801+0000] {taskinstance.py:3134} INFO - Exporting env vars: AIRFLOW_CTX_DAG_OWNER='***' AIRFLOW_CTX_DAG_ID='emissionAI_ml_pipeline' AIRFLOW_CTX_TASK_ID='model_training_and_evaluating' AIRFLOW_CTX_EXECUTION_DATE='2025-02-23T00:00:00+00:00' AIRFLOW_CTX_TRY_NUMBER='1' AIRFLOW_CTX_DAG_RUN_ID='scheduled__2025-02-23T00:00:00+00:00'
[2025-02-24T02:46:31.803+0000] {taskinstance.py:732} INFO - ::endgroup::
[2025-02-24T02:46:31.807+0000] {logging_mixin.py:190} INFO - hello2
[2025-02-24T02:46:31.808+0000] {python.py:240} INFO - Done. Returned value was: None
[2025-02-24T02:46:31.820+0000] {taskinstance.py:341} INFO - ::group::Post task execution logs
[2025-02-24T02:46:31.821+0000] {taskinstance.py:353} INFO - Marking task as SUCCESS. dag_id=emissionAI_ml_pipeline, task_id=model_training_and_evaluating, run_id=scheduled__2025-02-23T00:00:00+00:00, execution_date=20250223T000000, start_date=20250224T024631, end_date=20250224T024631
[2025-02-24T02:46:31.864+0000] {local_task_job_runner.py:266} INFO - Task exited with return code 0
[2025-02-24T02:46:31.892+0000] {taskinstance.py:3901} INFO - 1 downstream tasks scheduled from follow-on schedule check
[2025-02-24T02:46:31.896+0000] {local_task_job_runner.py:245} INFO - ::endgroup::
[2025-02-24T13:21:39.481+0000] {local_task_job_runner.py:123} INFO - ::group::Pre task execution logs
[2025-02-24T13:21:39.525+0000] {taskinstance.py:2614} INFO - Dependencies all met for dep_context=non-requeueable deps ti=<TaskInstance: emissionAI_ml_pipeline.model_training_and_evaluating scheduled__2025-02-23T00:00:00+00:00 [queued]>
[2025-02-24T13:21:39.544+0000] {taskinstance.py:2614} INFO - Dependencies all met for dep_context=requeueable deps ti=<TaskInstance: emissionAI_ml_pipeline.model_training_and_evaluating scheduled__2025-02-23T00:00:00+00:00 [queued]>
[2025-02-24T13:21:39.546+0000] {taskinstance.py:2867} INFO - Starting attempt 1 of 2
[2025-02-24T13:21:39.570+0000] {taskinstance.py:2890} INFO - Executing <Task(_PythonDecoratedOperator): model_training_and_evaluating> on 2025-02-23 00:00:00+00:00
[2025-02-24T13:21:39.577+0000] {standard_task_runner.py:72} INFO - Started process 282 to run task
[2025-02-24T13:21:39.583+0000] {standard_task_runner.py:104} INFO - Running: ['airflow', 'tasks', 'run', 'emissionAI_ml_pipeline', 'model_training_and_evaluating', 'scheduled__2025-02-23T00:00:00+00:00', '--job-id', '8', '--raw', '--subdir', 'DAGS_FOLDER/ml_pipeline.py', '--cfg-path', '/tmp/tmpqujndwgw']
[2025-02-24T13:21:39.590+0000] {standard_task_runner.py:105} INFO - Job 8: Subtask model_training_and_evaluating
[2025-02-24T13:21:39.674+0000] {task_command.py:467} INFO - Running <TaskInstance: emissionAI_ml_pipeline.model_training_and_evaluating scheduled__2025-02-23T00:00:00+00:00 [running]> on host fcfef3208fe4
[2025-02-24T13:21:39.897+0000] {taskinstance.py:3134} INFO - Exporting env vars: AIRFLOW_CTX_DAG_OWNER='airflow' AIRFLOW_CTX_DAG_ID='emissionAI_ml_pipeline' AIRFLOW_CTX_TASK_ID='model_training_and_evaluating' AIRFLOW_CTX_EXECUTION_DATE='2025-02-23T00:00:00+00:00' AIRFLOW_CTX_TRY_NUMBER='1' AIRFLOW_CTX_DAG_RUN_ID='scheduled__2025-02-23T00:00:00+00:00'
[2025-02-24T13:21:39.899+0000] {taskinstance.py:732} INFO - ::endgroup::
[2025-02-24T13:21:39.905+0000] {logging_mixin.py:190} INFO - hello2
[2025-02-24T13:21:39.906+0000] {python.py:240} INFO - Done. Returned value was: None
[2025-02-24T13:21:39.919+0000] {taskinstance.py:341} INFO - ::group::Post task execution logs
[2025-02-24T13:21:39.921+0000] {taskinstance.py:353} INFO - Marking task as SUCCESS. dag_id=emissionAI_ml_pipeline, task_id=model_training_and_evaluating, run_id=scheduled__2025-02-23T00:00:00+00:00, execution_date=20250223T000000, start_date=20250224T132139, end_date=20250224T132139
[2025-02-24T13:21:39.970+0000] {local_task_job_runner.py:266} INFO - Task exited with return code 0
[2025-02-24T13:21:40.017+0000] {taskinstance.py:3901} INFO - 1 downstream tasks scheduled from follow-on schedule check
[2025-02-24T13:21:40.022+0000] {local_task_job_runner.py:245} INFO - ::endgroup::
