[2025-02-25T07:31:08.859+0000] {local_task_job_runner.py:123} INFO - ::group::Pre task execution logs
[2025-02-25T07:31:08.883+0000] {taskinstance.py:2614} INFO - Dependencies all met for dep_context=non-requeueable deps ti=<TaskInstance: emissionAI_ml_pipeline.ingest_data manual__2025-02-25T03:42:52.358420+00:00 [queued]>
[2025-02-25T07:31:08.896+0000] {taskinstance.py:2614} INFO - Dependencies all met for dep_context=requeueable deps ti=<TaskInstance: emissionAI_ml_pipeline.ingest_data manual__2025-02-25T03:42:52.358420+00:00 [queued]>
[2025-02-25T07:31:08.900+0000] {taskinstance.py:2867} INFO - Starting attempt 3 of 4
[2025-02-25T07:31:08.918+0000] {taskinstance.py:2890} INFO - Executing <Task(_PythonDecoratedOperator): ingest_data> on 2025-02-25 03:42:52.358420+00:00
[2025-02-25T07:31:08.928+0000] {standard_task_runner.py:72} INFO - Started process 3651 to run task
[2025-02-25T07:31:08.933+0000] {standard_task_runner.py:104} INFO - Running: ['airflow', 'tasks', 'run', 'emissionAI_ml_pipeline', 'ingest_data', 'manual__2025-02-25T03:42:52.358420+00:00', '--job-id', '55', '--raw', '--subdir', 'DAGS_FOLDER/ml_pipeline.py', '--cfg-path', '/tmp/tmp7uwo9s7h']
[2025-02-25T07:31:08.937+0000] {standard_task_runner.py:105} INFO - Job 55: Subtask ingest_data
[2025-02-25T07:31:09.001+0000] {task_command.py:467} INFO - Running <TaskInstance: emissionAI_ml_pipeline.ingest_data manual__2025-02-25T03:42:52.358420+00:00 [running]> on host c3eb1ce315e0
[2025-02-25T07:31:09.122+0000] {taskinstance.py:3134} INFO - Exporting env vars: AIRFLOW_CTX_DAG_OWNER='airflow' AIRFLOW_CTX_DAG_ID='emissionAI_ml_pipeline' AIRFLOW_CTX_TASK_ID='ingest_data' AIRFLOW_CTX_EXECUTION_DATE='2025-02-25T03:42:52.358420+00:00' AIRFLOW_CTX_TRY_NUMBER='3' AIRFLOW_CTX_DAG_RUN_ID='manual__2025-02-25T03:42:52.358420+00:00'
[2025-02-25T07:31:09.125+0000] {taskinstance.py:732} INFO - ::endgroup::
[2025-02-25T07:31:09.265+0000] {logging_mixin.py:190} WARNING - 2025/02/25 07:31:09 WARNING mlflow.utils.git_utils: Failed to import Git (the Git executable is probably not on your PATH), so Git SHA is not available. Error: Failed to initialize: Bad git executable.
The git executable must be specified in one of the following ways:
    - be included in your $PATH
    - be set via $GIT_PYTHON_GIT_EXECUTABLE
    - explicitly set via git.refresh(<full-path-to-git-executable>)

All git commands will error until this is rectified.

This initial message can be silenced or aggravated in the future by setting the
$GIT_PYTHON_REFRESH environment variable. Use one of the following values:
    - quiet|q|silence|s|silent|none|n|0: for no message or exception
    - warn|w|warning|log|l|1: for a warning message (logging level CRITICAL, displayed by default)
    - error|e|exception|raise|r|2: for a raised exception

Example:
    export GIT_PYTHON_REFRESH=quiet
[2025-02-25T07:31:09.370+0000] {logging_mixin.py:190} INFO - 🏃 View run unruly-hog-74 at: http://mlflow:5000/#/experiments/1/runs/e830cb39eca7479c8e73d643aa89d3f8
[2025-02-25T07:31:09.372+0000] {logging_mixin.py:190} INFO - 🧪 View experiment at: http://mlflow:5000/#/experiments/1
[2025-02-25T07:31:09.408+0000] {logging_mixin.py:190} INFO - hello2
[2025-02-25T07:31:09.410+0000] {python.py:240} INFO - Done. Returned value was: None
[2025-02-25T07:31:09.425+0000] {taskinstance.py:341} INFO - ::group::Post task execution logs
[2025-02-25T07:31:09.427+0000] {taskinstance.py:353} INFO - Marking task as SUCCESS. dag_id=emissionAI_ml_pipeline, task_id=ingest_data, run_id=manual__2025-02-25T03:42:52.358420+00:00, execution_date=20250225T034252, start_date=20250225T073108, end_date=20250225T073109
[2025-02-25T07:31:09.476+0000] {local_task_job_runner.py:266} INFO - Task exited with return code 0
[2025-02-25T07:31:09.519+0000] {taskinstance.py:3901} INFO - 1 downstream tasks scheduled from follow-on schedule check
[2025-02-25T07:31:09.525+0000] {local_task_job_runner.py:245} INFO - ::endgroup::
