[2025-02-24T02:46:30.326+0000] {local_task_job_runner.py:123} INFO - ::group::Pre task execution logs
[2025-02-24T02:46:30.352+0000] {taskinstance.py:2614} INFO - Dependencies all met for dep_context=non-requeueable deps ti=<TaskInstance: emissionAI_ml_pipeline.preprocessing scheduled__2025-02-23T00:00:00+00:00 [queued]>
[2025-02-24T02:46:30.368+0000] {taskinstance.py:2614} INFO - Dependencies all met for dep_context=requeueable deps ti=<TaskInstance: emissionAI_ml_pipeline.preprocessing scheduled__2025-02-23T00:00:00+00:00 [queued]>
[2025-02-24T02:46:30.369+0000] {taskinstance.py:2867} INFO - Starting attempt 1 of 2
[2025-02-24T02:46:30.388+0000] {taskinstance.py:2890} INFO - Executing <Task(_PythonDecoratedOperator): preprocessing> on 2025-02-23 00:00:00+00:00
[2025-02-24T02:46:30.393+0000] {standard_task_runner.py:72} INFO - Started process 197 to run task
[2025-02-24T02:46:30.398+0000] {standard_task_runner.py:104} INFO - Running: ['***', 'tasks', 'run', 'emissionAI_ml_pipeline', 'preprocessing', 'scheduled__2025-02-23T00:00:00+00:00', '--job-id', '26', '--raw', '--subdir', 'DAGS_FOLDER/ml_pipeline.py', '--cfg-path', '/tmp/tmpxcdfsy5t']
[2025-02-24T02:46:30.402+0000] {standard_task_runner.py:105} INFO - Job 26: Subtask preprocessing
[2025-02-24T02:46:30.466+0000] {task_command.py:467} INFO - Running <TaskInstance: emissionAI_ml_pipeline.preprocessing scheduled__2025-02-23T00:00:00+00:00 [running]> on host 89dd348b5568
[2025-02-24T02:46:30.585+0000] {taskinstance.py:3134} INFO - Exporting env vars: AIRFLOW_CTX_DAG_OWNER='***' AIRFLOW_CTX_DAG_ID='emissionAI_ml_pipeline' AIRFLOW_CTX_TASK_ID='preprocessing' AIRFLOW_CTX_EXECUTION_DATE='2025-02-23T00:00:00+00:00' AIRFLOW_CTX_TRY_NUMBER='1' AIRFLOW_CTX_DAG_RUN_ID='scheduled__2025-02-23T00:00:00+00:00'
[2025-02-24T02:46:30.587+0000] {taskinstance.py:732} INFO - ::endgroup::
[2025-02-24T02:46:30.592+0000] {logging_mixin.py:190} INFO - hello2
[2025-02-24T02:46:30.593+0000] {python.py:240} INFO - Done. Returned value was: None
[2025-02-24T02:46:30.607+0000] {taskinstance.py:341} INFO - ::group::Post task execution logs
[2025-02-24T02:46:30.608+0000] {taskinstance.py:353} INFO - Marking task as SUCCESS. dag_id=emissionAI_ml_pipeline, task_id=preprocessing, run_id=scheduled__2025-02-23T00:00:00+00:00, execution_date=20250223T000000, start_date=20250224T024630, end_date=20250224T024630
[2025-02-24T02:46:30.652+0000] {local_task_job_runner.py:266} INFO - Task exited with return code 0
[2025-02-24T02:46:30.690+0000] {taskinstance.py:3901} INFO - 1 downstream tasks scheduled from follow-on schedule check
[2025-02-24T02:46:30.694+0000] {local_task_job_runner.py:245} INFO - ::endgroup::
[2025-02-24T13:21:38.597+0000] {local_task_job_runner.py:123} INFO - ::group::Pre task execution logs
[2025-02-24T13:21:38.632+0000] {taskinstance.py:2614} INFO - Dependencies all met for dep_context=non-requeueable deps ti=<TaskInstance: emissionAI_ml_pipeline.preprocessing scheduled__2025-02-23T00:00:00+00:00 [queued]>
[2025-02-24T13:21:38.647+0000] {taskinstance.py:2614} INFO - Dependencies all met for dep_context=requeueable deps ti=<TaskInstance: emissionAI_ml_pipeline.preprocessing scheduled__2025-02-23T00:00:00+00:00 [queued]>
[2025-02-24T13:21:38.648+0000] {taskinstance.py:2867} INFO - Starting attempt 1 of 2
[2025-02-24T13:21:38.670+0000] {taskinstance.py:2890} INFO - Executing <Task(_PythonDecoratedOperator): preprocessing> on 2025-02-23 00:00:00+00:00
[2025-02-24T13:21:38.677+0000] {standard_task_runner.py:72} INFO - Started process 278 to run task
[2025-02-24T13:21:38.683+0000] {standard_task_runner.py:104} INFO - Running: ['airflow', 'tasks', 'run', 'emissionAI_ml_pipeline', 'preprocessing', 'scheduled__2025-02-23T00:00:00+00:00', '--job-id', '6', '--raw', '--subdir', 'DAGS_FOLDER/ml_pipeline.py', '--cfg-path', '/tmp/tmpybmynnux']
[2025-02-24T13:21:38.688+0000] {standard_task_runner.py:105} INFO - Job 6: Subtask preprocessing
[2025-02-24T13:21:38.779+0000] {task_command.py:467} INFO - Running <TaskInstance: emissionAI_ml_pipeline.preprocessing scheduled__2025-02-23T00:00:00+00:00 [running]> on host fcfef3208fe4
[2025-02-24T13:21:38.900+0000] {taskinstance.py:3134} INFO - Exporting env vars: AIRFLOW_CTX_DAG_OWNER='airflow' AIRFLOW_CTX_DAG_ID='emissionAI_ml_pipeline' AIRFLOW_CTX_TASK_ID='preprocessing' AIRFLOW_CTX_EXECUTION_DATE='2025-02-23T00:00:00+00:00' AIRFLOW_CTX_TRY_NUMBER='1' AIRFLOW_CTX_DAG_RUN_ID='scheduled__2025-02-23T00:00:00+00:00'
[2025-02-24T13:21:38.902+0000] {taskinstance.py:732} INFO - ::endgroup::
[2025-02-24T13:21:38.906+0000] {logging_mixin.py:190} INFO - hello2
[2025-02-24T13:21:38.907+0000] {python.py:240} INFO - Done. Returned value was: None
[2025-02-24T13:21:38.921+0000] {taskinstance.py:341} INFO - ::group::Post task execution logs
[2025-02-24T13:21:38.923+0000] {taskinstance.py:353} INFO - Marking task as SUCCESS. dag_id=emissionAI_ml_pipeline, task_id=preprocessing, run_id=scheduled__2025-02-23T00:00:00+00:00, execution_date=20250223T000000, start_date=20250224T132138, end_date=20250224T132138
[2025-02-24T13:21:38.979+0000] {local_task_job_runner.py:266} INFO - Task exited with return code 0
[2025-02-24T13:21:39.022+0000] {taskinstance.py:3901} INFO - 1 downstream tasks scheduled from follow-on schedule check
[2025-02-24T13:21:39.025+0000] {local_task_job_runner.py:245} INFO - ::endgroup::
