[2025-02-25T03:57:32.809+0000] {local_task_job_runner.py:123} INFO - ::group::Pre task execution logs
[2025-02-25T03:57:32.844+0000] {taskinstance.py:2614} INFO - Dependencies all met for dep_context=non-requeueable deps ti=<TaskInstance: emissionAI_ml_pipeline.ingest_data manual__2025-02-25T03:52:09.868133+00:00 [queued]>
[2025-02-25T03:57:32.864+0000] {taskinstance.py:2614} INFO - Dependencies all met for dep_context=requeueable deps ti=<TaskInstance: emissionAI_ml_pipeline.ingest_data manual__2025-02-25T03:52:09.868133+00:00 [queued]>
[2025-02-25T03:57:32.868+0000] {taskinstance.py:2867} INFO - Starting attempt 2 of 2
[2025-02-25T03:57:32.894+0000] {taskinstance.py:2890} INFO - Executing <Task(_PythonDecoratedOperator): ingest_data> on 2025-02-25 03:52:09.868133+00:00
[2025-02-25T03:57:32.903+0000] {standard_task_runner.py:72} INFO - Started process 205 to run task
[2025-02-25T03:57:32.909+0000] {standard_task_runner.py:104} INFO - Running: ['airflow', 'tasks', 'run', 'emissionAI_ml_pipeline', 'ingest_data', 'manual__2025-02-25T03:52:09.868133+00:00', '--job-id', '35', '--raw', '--subdir', 'DAGS_FOLDER/ml_pipeline.py', '--cfg-path', '/tmp/tmpjq990idr']
[2025-02-25T03:57:32.915+0000] {standard_task_runner.py:105} INFO - Job 35: Subtask ingest_data
[2025-02-25T03:57:33.002+0000] {task_command.py:467} INFO - Running <TaskInstance: emissionAI_ml_pipeline.ingest_data manual__2025-02-25T03:52:09.868133+00:00 [running]> on host c3eb1ce315e0
[2025-02-25T03:57:33.143+0000] {taskinstance.py:3134} INFO - Exporting env vars: AIRFLOW_CTX_DAG_OWNER='airflow' AIRFLOW_CTX_DAG_ID='emissionAI_ml_pipeline' AIRFLOW_CTX_TASK_ID='ingest_data' AIRFLOW_CTX_EXECUTION_DATE='2025-02-25T03:52:09.868133+00:00' AIRFLOW_CTX_TRY_NUMBER='2' AIRFLOW_CTX_DAG_RUN_ID='manual__2025-02-25T03:52:09.868133+00:00'
[2025-02-25T03:57:33.146+0000] {taskinstance.py:732} INFO - ::endgroup::
[2025-02-25T03:57:34.136+0000] {logging_mixin.py:190} WARNING - 2025/02/25 03:57:34 WARNING mlflow.utils.git_utils: Failed to import Git (the Git executable is probably not on your PATH), so Git SHA is not available. Error: Failed to initialize: Bad git executable.
The git executable must be specified in one of the following ways:
    - be included in your $PATH
    - be set via $GIT_PYTHON_GIT_EXECUTABLE
    - explicitly set via git.refresh(<full-path-to-git-executable>)

All git commands will error until this is rectified.

This initial message can be silenced or aggravated in the future by setting the
$GIT_PYTHON_REFRESH environment variable. Use one of the following values:
    - quiet|q|silence|s|silent|none|n|0: for no message or exception
    - warn|w|warning|log|l|1: for a warning message (logging level CRITICAL, displayed by default)
    - error|e|exception|raise|r|2: for a raised exception

Example:
    export GIT_PYTHON_REFRESH=quiet
[2025-02-25T03:57:35.267+0000] {logging_mixin.py:190} INFO - 🏃 View run exultant-yak-866 at: http://mlflow:5000/#/experiments/1/runs/fbd1d115a57b4e32bd16c26a6bbc9cff
[2025-02-25T03:57:35.268+0000] {logging_mixin.py:190} INFO - 🧪 View experiment at: http://mlflow:5000/#/experiments/1
[2025-02-25T03:57:35.302+0000] {logging_mixin.py:190} INFO - hello2
[2025-02-25T03:57:35.303+0000] {python.py:240} INFO - Done. Returned value was: None
[2025-02-25T03:57:35.323+0000] {taskinstance.py:341} INFO - ::group::Post task execution logs
[2025-02-25T03:57:35.324+0000] {taskinstance.py:353} INFO - Marking task as SUCCESS. dag_id=emissionAI_ml_pipeline, task_id=ingest_data, run_id=manual__2025-02-25T03:52:09.868133+00:00, execution_date=20250225T035209, start_date=20250225T035732, end_date=20250225T035735
[2025-02-25T03:57:35.422+0000] {local_task_job_runner.py:266} INFO - Task exited with return code 0
[2025-02-25T03:57:35.476+0000] {taskinstance.py:3901} INFO - 1 downstream tasks scheduled from follow-on schedule check
[2025-02-25T03:57:35.480+0000] {local_task_job_runner.py:245} INFO - ::endgroup::
