[2025-02-24T02:46:32.739+0000] {local_task_job_runner.py:123} INFO - ::group::Pre task execution logs
[2025-02-24T02:46:32.832+0000] {taskinstance.py:2614} INFO - Dependencies all met for dep_context=non-requeueable deps ti=<TaskInstance: emissionAI_ml_pipeline.versioning scheduled__2025-02-23T00:00:00+00:00 [queued]>
[2025-02-24T02:46:32.852+0000] {taskinstance.py:2614} INFO - Dependencies all met for dep_context=requeueable deps ti=<TaskInstance: emissionAI_ml_pipeline.versioning scheduled__2025-02-23T00:00:00+00:00 [queued]>
[2025-02-24T02:46:32.854+0000] {taskinstance.py:2867} INFO - Starting attempt 1 of 2
[2025-02-24T02:46:32.875+0000] {taskinstance.py:2890} INFO - Executing <Task(_PythonDecoratedOperator): versioning> on 2025-02-23 00:00:00+00:00
[2025-02-24T02:46:32.884+0000] {standard_task_runner.py:72} INFO - Started process 204 to run task
[2025-02-24T02:46:32.890+0000] {standard_task_runner.py:104} INFO - Running: ['***', 'tasks', 'run', 'emissionAI_ml_pipeline', 'versioning', 'scheduled__2025-02-23T00:00:00+00:00', '--job-id', '28', '--raw', '--subdir', 'DAGS_FOLDER/ml_pipeline.py', '--cfg-path', '/tmp/tmpctf_30jd']
[2025-02-24T02:46:32.894+0000] {standard_task_runner.py:105} INFO - Job 28: Subtask versioning
[2025-02-24T02:46:32.991+0000] {task_command.py:467} INFO - Running <TaskInstance: emissionAI_ml_pipeline.versioning scheduled__2025-02-23T00:00:00+00:00 [running]> on host 89dd348b5568
[2025-02-24T02:46:33.153+0000] {taskinstance.py:3134} INFO - Exporting env vars: AIRFLOW_CTX_DAG_OWNER='***' AIRFLOW_CTX_DAG_ID='emissionAI_ml_pipeline' AIRFLOW_CTX_TASK_ID='versioning' AIRFLOW_CTX_EXECUTION_DATE='2025-02-23T00:00:00+00:00' AIRFLOW_CTX_TRY_NUMBER='1' AIRFLOW_CTX_DAG_RUN_ID='scheduled__2025-02-23T00:00:00+00:00'
[2025-02-24T02:46:33.156+0000] {taskinstance.py:732} INFO - ::endgroup::
[2025-02-24T02:46:33.161+0000] {logging_mixin.py:190} INFO - hello2
[2025-02-24T02:46:33.162+0000] {python.py:240} INFO - Done. Returned value was: None
[2025-02-24T02:46:33.175+0000] {taskinstance.py:341} INFO - ::group::Post task execution logs
[2025-02-24T02:46:33.177+0000] {taskinstance.py:353} INFO - Marking task as SUCCESS. dag_id=emissionAI_ml_pipeline, task_id=versioning, run_id=scheduled__2025-02-23T00:00:00+00:00, execution_date=20250223T000000, start_date=20250224T024632, end_date=20250224T024633
[2025-02-24T02:46:33.224+0000] {local_task_job_runner.py:266} INFO - Task exited with return code 0
[2025-02-24T02:46:33.247+0000] {taskinstance.py:3901} INFO - 0 downstream tasks scheduled from follow-on schedule check
[2025-02-24T02:46:33.249+0000] {local_task_job_runner.py:245} INFO - ::endgroup::
[2025-02-24T13:21:41.170+0000] {local_task_job_runner.py:123} INFO - ::group::Pre task execution logs
[2025-02-24T13:21:41.201+0000] {taskinstance.py:2614} INFO - Dependencies all met for dep_context=non-requeueable deps ti=<TaskInstance: emissionAI_ml_pipeline.versioning scheduled__2025-02-23T00:00:00+00:00 [queued]>
[2025-02-24T13:21:41.215+0000] {taskinstance.py:2614} INFO - Dependencies all met for dep_context=requeueable deps ti=<TaskInstance: emissionAI_ml_pipeline.versioning scheduled__2025-02-23T00:00:00+00:00 [queued]>
[2025-02-24T13:21:41.217+0000] {taskinstance.py:2867} INFO - Starting attempt 1 of 2
[2025-02-24T13:21:41.234+0000] {taskinstance.py:2890} INFO - Executing <Task(_PythonDecoratedOperator): versioning> on 2025-02-23 00:00:00+00:00
[2025-02-24T13:21:41.240+0000] {standard_task_runner.py:72} INFO - Started process 290 to run task
[2025-02-24T13:21:41.244+0000] {standard_task_runner.py:104} INFO - Running: ['airflow', 'tasks', 'run', 'emissionAI_ml_pipeline', 'versioning', 'scheduled__2025-02-23T00:00:00+00:00', '--job-id', '11', '--raw', '--subdir', 'DAGS_FOLDER/ml_pipeline.py', '--cfg-path', '/tmp/tmp_4wg6sy5']
[2025-02-24T13:21:41.247+0000] {standard_task_runner.py:105} INFO - Job 11: Subtask versioning
[2025-02-24T13:21:41.312+0000] {task_command.py:467} INFO - Running <TaskInstance: emissionAI_ml_pipeline.versioning scheduled__2025-02-23T00:00:00+00:00 [running]> on host fcfef3208fe4
[2025-02-24T13:21:41.411+0000] {taskinstance.py:3134} INFO - Exporting env vars: AIRFLOW_CTX_DAG_OWNER='airflow' AIRFLOW_CTX_DAG_ID='emissionAI_ml_pipeline' AIRFLOW_CTX_TASK_ID='versioning' AIRFLOW_CTX_EXECUTION_DATE='2025-02-23T00:00:00+00:00' AIRFLOW_CTX_TRY_NUMBER='1' AIRFLOW_CTX_DAG_RUN_ID='scheduled__2025-02-23T00:00:00+00:00'
[2025-02-24T13:21:41.412+0000] {taskinstance.py:732} INFO - ::endgroup::
[2025-02-24T13:21:41.417+0000] {logging_mixin.py:190} INFO - hello2
[2025-02-24T13:21:41.419+0000] {python.py:240} INFO - Done. Returned value was: None
[2025-02-24T13:21:41.430+0000] {taskinstance.py:341} INFO - ::group::Post task execution logs
[2025-02-24T13:21:41.432+0000] {taskinstance.py:353} INFO - Marking task as SUCCESS. dag_id=emissionAI_ml_pipeline, task_id=versioning, run_id=scheduled__2025-02-23T00:00:00+00:00, execution_date=20250223T000000, start_date=20250224T132141, end_date=20250224T132141
[2025-02-24T13:21:41.498+0000] {local_task_job_runner.py:266} INFO - Task exited with return code 0
[2025-02-24T13:21:41.576+0000] {taskinstance.py:3901} INFO - 0 downstream tasks scheduled from follow-on schedule check
[2025-02-24T13:21:41.579+0000] {local_task_job_runner.py:245} INFO - ::endgroup::
