[2025-02-25T15:28:28.410+0000] {local_task_job_runner.py:123} INFO - ::group::Pre task execution logs
[2025-02-25T15:28:28.435+0000] {taskinstance.py:2614} INFO - Dependencies all met for dep_context=non-requeueable deps ti=<TaskInstance: emissionAI_ml_pipeline.ingest_data manual__2025-02-25T15:28:25.006156+00:00 [queued]>
[2025-02-25T15:28:28.447+0000] {taskinstance.py:2614} INFO - Dependencies all met for dep_context=requeueable deps ti=<TaskInstance: emissionAI_ml_pipeline.ingest_data manual__2025-02-25T15:28:25.006156+00:00 [queued]>
[2025-02-25T15:28:28.449+0000] {taskinstance.py:2867} INFO - Starting attempt 1 of 2
[2025-02-25T15:28:28.471+0000] {taskinstance.py:2890} INFO - Executing <Task(_PythonDecoratedOperator): ingest_data> on 2025-02-25 15:28:25.006156+00:00
[2025-02-25T15:28:28.477+0000] {standard_task_runner.py:72} INFO - Started process 293 to run task
[2025-02-25T15:28:28.483+0000] {standard_task_runner.py:104} INFO - Running: ['airflow', 'tasks', 'run', 'emissionAI_ml_pipeline', 'ingest_data', 'manual__2025-02-25T15:28:25.006156+00:00', '--job-id', '89', '--raw', '--subdir', 'DAGS_FOLDER/ml_pipeline.py', '--cfg-path', '/tmp/tmpd17ed4j1']
[2025-02-25T15:28:28.488+0000] {standard_task_runner.py:105} INFO - Job 89: Subtask ingest_data
[2025-02-25T15:28:28.550+0000] {task_command.py:467} INFO - Running <TaskInstance: emissionAI_ml_pipeline.ingest_data manual__2025-02-25T15:28:25.006156+00:00 [running]> on host 93ffeb6ae928
[2025-02-25T15:28:28.662+0000] {taskinstance.py:3134} INFO - Exporting env vars: AIRFLOW_CTX_DAG_OWNER='airflow' AIRFLOW_CTX_DAG_ID='emissionAI_ml_pipeline' AIRFLOW_CTX_TASK_ID='ingest_data' AIRFLOW_CTX_EXECUTION_DATE='2025-02-25T15:28:25.006156+00:00' AIRFLOW_CTX_TRY_NUMBER='1' AIRFLOW_CTX_DAG_RUN_ID='manual__2025-02-25T15:28:25.006156+00:00'
[2025-02-25T15:28:28.665+0000] {taskinstance.py:732} INFO - ::endgroup::
[2025-02-25T15:28:28.677+0000] {logging_mixin.py:190} INFO - host: aws-0-ap-southeast-1.pooler.supabase.com, user: postgres.yksdylbnseqxrbwaxmgz, pass: jtVHoVpDpfxOw0CI, db: postgres, port: 5432
[2025-02-25T15:28:28.679+0000] {data_ingestion.py:44} INFO - SQLAlchemy engine created successfully.
[2025-02-25T15:28:28.681+0000] {data_ingestion.py:60} INFO - Executing query to fetch data from table fuel_consumption_1995_2025.
[2025-02-25T15:28:40.129+0000] {data_ingestion.py:65} INFO - Loaded 28492 records from table.
[2025-02-25T15:28:40.419+0000] {logging_mixin.py:190} INFO - ingestion task finished
[2025-02-25T15:28:40.420+0000] {python.py:240} INFO - Done. Returned value was: None
[2025-02-25T15:28:40.430+0000] {taskinstance.py:341} INFO - ::group::Post task execution logs
[2025-02-25T15:28:40.432+0000] {taskinstance.py:353} INFO - Marking task as SUCCESS. dag_id=emissionAI_ml_pipeline, task_id=ingest_data, run_id=manual__2025-02-25T15:28:25.006156+00:00, execution_date=20250225T152825, start_date=20250225T152828, end_date=20250225T152840
[2025-02-25T15:28:40.475+0000] {local_task_job_runner.py:266} INFO - Task exited with return code 0
[2025-02-25T15:28:40.518+0000] {taskinstance.py:3901} INFO - 1 downstream tasks scheduled from follow-on schedule check
[2025-02-25T15:28:40.522+0000] {local_task_job_runner.py:245} INFO - ::endgroup::
